#
# There is insufficient memory for the Java Runtime Environment to continue.
# Native memory allocation (mmap) failed to map 5726797824 bytes for committing reserved memory.
# Possible reasons:
#   The system is out of physical RAM or swap space
#   The process is running with CompressedOops enabled, and the Java Heap may be blocking the growth of the native heap
# Possible solutions:
#   Reduce memory load on the system
#   Increase physical memory or swap space
#   Check if swap backing store is full
#   Decrease Java heap size (-Xmx/-Xms)
#   Decrease number of Java threads
#   Decrease Java thread stack sizes (-Xss)
#   Set larger code cache with -XX:ReservedCodeCacheSize=
# This output file may be truncated or incomplete.
#
#  Out of Memory Error (os_linux.cpp:2757), pid=20138, tid=0x00007f6ee475b700
#
# JRE version:  (8.0_252-b09) (build )
# Java VM: OpenJDK 64-Bit Server VM (25.252-b09 mixed mode linux-amd64 compressed oops)
# Failed to write core dump. Core dumps have been disabled. To enable core dumping, try "ulimit -c unlimited" before starting Java again
#

---------------  T H R E A D  ---------------

Current thread (0x00007f6edc00a800):  JavaThread "Unknown thread" [_thread_in_vm, id=20139, stack(0x00007f6ee465b000,0x00007f6ee475c000)]

Stack: [0x00007f6ee465b000,0x00007f6ee475c000],  sp=0x00007f6ee475a660,  free space=1021k
Native frames: (J=compiled Java code, j=interpreted, Vv=VM code, C=native code)
V  [libjvm.so+0xa7af9b]
V  [libjvm.so+0x4ccc7c]
V  [libjvm.so+0x8c8ce8]
V  [libjvm.so+0x8c032e]
V  [libjvm.so+0x93e076]
V  [libjvm.so+0x92ebb3]
V  [libjvm.so+0x2b24b1]
V  [libjvm.so+0x8ee479]
V  [libjvm.so+0xa3eb69]
V  [libjvm.so+0xa3edb2]
V  [libjvm.so+0x617fdf]
V  [libjvm.so+0xa242cb]
V  [libjvm.so+0x692a22]  JNI_CreateJavaVM+0x62
C  [libjli.so+0x2f2e]
C  [libjli.so+0x74ed]
C  [libpthread.so.0+0x76ba]  start_thread+0xca


---------------  P R O C E S S  ---------------

Java Threads: ( => current thread )

Other Threads:

=>0x00007f6edc00a800 (exited) JavaThread "Unknown thread" [_thread_in_vm, id=20139, stack(0x00007f6ee465b000,0x00007f6ee475c000)]

VM state:not at safepoint (not fully initialized)

VM Mutex/Monitor currently owned by a thread: None

heap address: 0x00000005c0000000, size: 8192 MB, Compressed Oops mode: Non-zero based:0x00000005bffff000, Oop shift amount: 3
Narrow klass base: 0x0000000000000000, Narrow klass shift: 0

GC Heap History (0 events):
No events

Deoptimization events (0 events):
No events

Classes redefined (0 events):
No events

Internal exceptions (0 events):
No events

Events (0 events):
No events


Dynamic libraries:
715580000-7c0000000 rw-p 00000000 00:00 0 
55a489a9d000-55a489a9e000 r-xp 00000000 08:01 258518                     /usr/lib/jvm/java-8-openjdk-amd64/jre/bin/java
55a489c9d000-55a489c9e000 r--p 00000000 08:01 258518                     /usr/lib/jvm/java-8-openjdk-amd64/jre/bin/java
55a489c9e000-55a489c9f000 rw-p 00001000 08:01 258518                     /usr/lib/jvm/java-8-openjdk-amd64/jre/bin/java
55a48b07a000-55a48b09b000 rw-p 00000000 00:00 0                          [heap]
7f6ecbfff000-7f6eccaa9000 ---p 00000000 00:00 0 
7f6eccaa9000-7f6ecd000000 rw-p 00000000 00:00 0 
7f6ecd000000-7f6ecd270000 rwxp 00000000 00:00 0 
7f6ecd270000-7f6edc000000 ---p 00000000 00:00 0 
7f6edc000000-7f6edc032000 rw-p 00000000 00:00 0 
7f6edc032000-7f6ee0000000 ---p 00000000 00:00 0 
7f6ee0ceb000-7f6ee0cf5000 rw-p 00000000 00:00 0 
7f6ee0cf5000-7f6ee10ab000 ---p 00000000 00:00 0 
7f6ee10ab000-7f6ee10b3000 r-xp 00000000 08:01 258454                     /usr/lib/jvm/java-8-openjdk-amd64/jre/lib/amd64/libzip.so
7f6ee10b3000-7f6ee12b2000 ---p 00008000 08:01 258454                     /usr/lib/jvm/java-8-openjdk-amd64/jre/lib/amd64/libzip.so
7f6ee12b2000-7f6ee12b3000 r--p 00007000 08:01 258454                     /usr/lib/jvm/java-8-openjdk-amd64/jre/lib/amd64/libzip.so
7f6ee12b3000-7f6ee12b4000 rw-p 00008000 08:01 258454                     /usr/lib/jvm/java-8-openjdk-amd64/jre/lib/amd64/libzip.so
7f6ee12b4000-7f6ee12bf000 r-xp 00000000 08:01 2099                       /lib/x86_64-linux-gnu/libnss_files-2.23.so
7f6ee12bf000-7f6ee14be000 ---p 0000b000 08:01 2099                       /lib/x86_64-linux-gnu/libnss_files-2.23.so
7f6ee14be000-7f6ee14bf000 r--p 0000a000 08:01 2099                       /lib/x86_64-linux-gnu/libnss_files-2.23.so
7f6ee14bf000-7f6ee14c0000 rw-p 0000b000 08:01 2099                       /lib/x86_64-linux-gnu/libnss_files-2.23.so
7f6ee14c0000-7f6ee14c6000 rw-p 00000000 00:00 0 
7f6ee14c6000-7f6ee14d1000 r-xp 00000000 08:01 2103                       /lib/x86_64-linux-gnu/libnss_nis-2.23.so
7f6ee14d1000-7f6ee16d0000 ---p 0000b000 08:01 2103                       /lib/x86_64-linux-gnu/libnss_nis-2.23.so
7f6ee16d0000-7f6ee16d1000 r--p 0000a000 08:01 2103                       /lib/x86_64-linux-gnu/libnss_nis-2.23.so
7f6ee16d1000-7f6ee16d2000 rw-p 0000b000 08:01 2103                       /lib/x86_64-linux-gnu/libnss_nis-2.23.so
7f6ee16d2000-7f6ee16e8000 r-xp 00000000 08:01 2089                       /lib/x86_64-linux-gnu/libnsl-2.23.so
7f6ee16e8000-7f6ee18e7000 ---p 00016000 08:01 2089                       /lib/x86_64-linux-gnu/libnsl-2.23.so
7f6ee18e7000-7f6ee18e8000 r--p 00015000 08:01 2089                       /lib/x86_64-linux-gnu/libnsl-2.23.so
7f6ee18e8000-7f6ee18e9000 rw-p 00016000 08:01 2089                       /lib/x86_64-linux-gnu/libnsl-2.23.so
7f6ee18e9000-7f6ee18eb000 rw-p 00000000 00:00 0 
7f6ee18eb000-7f6ee18f3000 r-xp 00000000 08:01 2101                       /lib/x86_64-linux-gnu/libnss_compat-2.23.so
7f6ee18f3000-7f6ee1af2000 ---p 00008000 08:01 2101                       /lib/x86_64-linux-gnu/libnss_compat-2.23.so
7f6ee1af2000-7f6ee1af3000 r--p 00007000 08:01 2101                       /lib/x86_64-linux-gnu/libnss_compat-2.23.so
7f6ee1af3000-7f6ee1af4000 rw-p 00008000 08:01 2101                       /lib/x86_64-linux-gnu/libnss_compat-2.23.so
7f6ee1af4000-7f6ee1b1d000 r-xp 00000000 08:01 258446                     /usr/lib/jvm/java-8-openjdk-amd64/jre/lib/amd64/libjava.so
7f6ee1b1d000-7f6ee1d1d000 ---p 00029000 08:01 258446                     /usr/lib/jvm/java-8-openjdk-amd64/jre/lib/amd64/libjava.so
7f6ee1d1d000-7f6ee1d1e000 r--p 00029000 08:01 258446                     /usr/lib/jvm/java-8-openjdk-amd64/jre/lib/amd64/libjava.so
7f6ee1d1e000-7f6ee1d20000 rw-p 0002a000 08:01 258446                     /usr/lib/jvm/java-8-openjdk-amd64/jre/lib/amd64/libjava.so
7f6ee1d20000-7f6ee1d2f000 r-xp 00000000 08:01 258468                     /usr/lib/jvm/java-8-openjdk-amd64/jre/lib/amd64/libverify.so
7f6ee1d2f000-7f6ee1f2e000 ---p 0000f000 08:01 258468                     /usr/lib/jvm/java-8-openjdk-amd64/jre/lib/amd64/libverify.so
7f6ee1f2e000-7f6ee1f30000 r--p 0000e000 08:01 258468                     /usr/lib/jvm/java-8-openjdk-amd64/jre/lib/amd64/libverify.so
7f6ee1f30000-7f6ee1f31000 rw-p 00010000 08:01 258468                     /usr/lib/jvm/java-8-openjdk-amd64/jre/lib/amd64/libverify.so
7f6ee1f31000-7f6ee1f38000 r-xp 00000000 08:01 2106                       /lib/x86_64-linux-gnu/librt-2.23.so
7f6ee1f38000-7f6ee2137000 ---p 00007000 08:01 2106                       /lib/x86_64-linux-gnu/librt-2.23.so
7f6ee2137000-7f6ee2138000 r--p 00006000 08:01 2106                       /lib/x86_64-linux-gnu/librt-2.23.so
7f6ee2138000-7f6ee2139000 rw-p 00007000 08:01 2106                       /lib/x86_64-linux-gnu/librt-2.23.so
7f6ee2139000-7f6ee214f000 r-xp 00000000 08:01 1939                       /lib/x86_64-linux-gnu/libgcc_s.so.1
7f6ee214f000-7f6ee234e000 ---p 00016000 08:01 1939                       /lib/x86_64-linux-gnu/libgcc_s.so.1
7f6ee234e000-7f6ee234f000 rw-p 00015000 08:01 1939                       /lib/x86_64-linux-gnu/libgcc_s.so.1
7f6ee234f000-7f6ee2457000 r-xp 00000000 08:01 2090                       /lib/x86_64-linux-gnu/libm-2.23.so
7f6ee2457000-7f6ee2656000 ---p 00108000 08:01 2090                       /lib/x86_64-linux-gnu/libm-2.23.so
7f6ee2656000-7f6ee2657000 r--p 00107000 08:01 2090                       /lib/x86_64-linux-gnu/libm-2.23.so
7f6ee2657000-7f6ee2658000 rw-p 00108000 08:01 2090                       /lib/x86_64-linux-gnu/libm-2.23.so
7f6ee2658000-7f6ee27ca000 r-xp 00000000 08:01 25954                      /usr/lib/x86_64-linux-gnu/libstdc++.so.6.0.21
7f6ee27ca000-7f6ee29ca000 ---p 00172000 08:01 25954                      /usr/lib/x86_64-linux-gnu/libstdc++.so.6.0.21
7f6ee29ca000-7f6ee29d4000 r--p 00172000 08:01 25954                      /usr/lib/x86_64-linux-gnu/libstdc++.so.6.0.21
7f6ee29d4000-7f6ee29d6000 rw-p 0017c000 08:01 25954                      /usr/lib/x86_64-linux-gnu/libstdc++.so.6.0.21
7f6ee29d6000-7f6ee29da000 rw-p 00000000 00:00 0 
7f6ee29da000-7f6ee3642000 r-xp 00000000 08:01 258448                     /usr/lib/jvm/java-8-openjdk-amd64/jre/lib/amd64/server/libjvm.so
7f6ee3642000-7f6ee3842000 ---p 00c68000 08:01 258448                     /usr/lib/jvm/java-8-openjdk-amd64/jre/lib/amd64/server/libjvm.so
7f6ee3842000-7f6ee38d6000 r--p 00c68000 08:01 258448                     /usr/lib/jvm/java-8-openjdk-amd64/jre/lib/amd64/server/libjvm.so
7f6ee38d6000-7f6ee38ff000 rw-p 00cfc000 08:01 258448                     /usr/lib/jvm/java-8-openjdk-amd64/jre/lib/amd64/server/libjvm.so
7f6ee38ff000-7f6ee392f000 rw-p 00000000 00:00 0 
7f6ee392f000-7f6ee3947000 r-xp 00000000 08:01 2087                       /lib/x86_64-linux-gnu/libpthread-2.23.so
7f6ee3947000-7f6ee3b46000 ---p 00018000 08:01 2087                       /lib/x86_64-linux-gnu/libpthread-2.23.so
7f6ee3b46000-7f6ee3b47000 r--p 00017000 08:01 2087                       /lib/x86_64-linux-gnu/libpthread-2.23.so
7f6ee3b47000-7f6ee3b48000 rw-p 00018000 08:01 2087                       /lib/x86_64-linux-gnu/libpthread-2.23.so
7f6ee3b48000-7f6ee3b4c000 rw-p 00000000 00:00 0 
7f6ee3b4c000-7f6ee3b4f000 r-xp 00000000 08:01 2084                       /lib/x86_64-linux-gnu/libdl-2.23.so
7f6ee3b4f000-7f6ee3d4e000 ---p 00003000 08:01 2084                       /lib/x86_64-linux-gnu/libdl-2.23.so
7f6ee3d4e000-7f6ee3d4f000 r--p 00002000 08:01 2084                       /lib/x86_64-linux-gnu/libdl-2.23.so
7f6ee3d4f000-7f6ee3d50000 rw-p 00003000 08:01 2084                       /lib/x86_64-linux-gnu/libdl-2.23.so
7f6ee3d50000-7f6ee3d69000 r-xp 00000000 08:01 2054                       /lib/x86_64-linux-gnu/libz.so.1.2.8
7f6ee3d69000-7f6ee3f68000 ---p 00019000 08:01 2054                       /lib/x86_64-linux-gnu/libz.so.1.2.8
7f6ee3f68000-7f6ee3f69000 r--p 00018000 08:01 2054                       /lib/x86_64-linux-gnu/libz.so.1.2.8
7f6ee3f69000-7f6ee3f6a000 rw-p 00019000 08:01 2054                       /lib/x86_64-linux-gnu/libz.so.1.2.8
7f6ee3f6a000-7f6ee412a000 r-xp 00000000 08:01 2086                       /lib/x86_64-linux-gnu/libc-2.23.so
7f6ee412a000-7f6ee432a000 ---p 001c0000 08:01 2086                       /lib/x86_64-linux-gnu/libc-2.23.so
7f6ee432a000-7f6ee432e000 r--p 001c0000 08:01 2086                       /lib/x86_64-linux-gnu/libc-2.23.so
7f6ee432e000-7f6ee4330000 rw-p 001c4000 08:01 2086                       /lib/x86_64-linux-gnu/libc-2.23.so
7f6ee4330000-7f6ee4334000 rw-p 00000000 00:00 0 
7f6ee4334000-7f6ee4341000 r-xp 00000000 08:01 258445                     /usr/lib/jvm/java-8-openjdk-amd64/jre/lib/amd64/jli/libjli.so
7f6ee4341000-7f6ee4541000 ---p 0000d000 08:01 258445                     /usr/lib/jvm/java-8-openjdk-amd64/jre/lib/amd64/jli/libjli.so
7f6ee4541000-7f6ee4542000 r--p 0000d000 08:01 258445                     /usr/lib/jvm/java-8-openjdk-amd64/jre/lib/amd64/jli/libjli.so
7f6ee4542000-7f6ee4543000 rw-p 0000e000 08:01 258445                     /usr/lib/jvm/java-8-openjdk-amd64/jre/lib/amd64/jli/libjli.so
7f6ee4543000-7f6ee4569000 r-xp 00000000 08:01 2097                       /lib/x86_64-linux-gnu/ld-2.23.so
7f6ee4653000-7f6ee465b000 rw-s 00000000 08:01 635777                     /tmp/hsperfdata_root/20138
7f6ee465b000-7f6ee465e000 ---p 00000000 00:00 0 
7f6ee465e000-7f6ee4760000 rw-p 00000000 00:00 0 
7f6ee4765000-7f6ee4766000 rw-p 00000000 00:00 0 
7f6ee4766000-7f6ee4767000 r--p 00000000 00:00 0 
7f6ee4767000-7f6ee4768000 rw-p 00000000 00:00 0 
7f6ee4768000-7f6ee4769000 r--p 00025000 08:01 2097                       /lib/x86_64-linux-gnu/ld-2.23.so
7f6ee4769000-7f6ee476a000 rw-p 00026000 08:01 2097                       /lib/x86_64-linux-gnu/ld-2.23.so
7f6ee476a000-7f6ee476b000 rw-p 00000000 00:00 0 
7ffd2f9c9000-7ffd2f9ea000 rw-p 00000000 00:00 0                          [stack]
7ffd2f9f3000-7ffd2f9f6000 r--p 00000000 00:00 0                          [vvar]
7ffd2f9f6000-7ffd2f9f8000 r-xp 00000000 00:00 0                          [vdso]
ffffffffff600000-ffffffffff601000 r-xp 00000000 00:00 0                  [vsyscall]

VM Arguments:
jvm_args: -Xmx8G -Xms8G 
java_command: server.jar
java_class_path (initial): server.jar
Launcher Type: SUN_STANDARD

Environment Variables:
PATH=/usr/local/sbin:/usr/local/bin:/usr/sbin:/usr/bin:/sbin:/bin:/snap/bin
USERNAME=root
SHELL=/bin/bash

Signal Handlers:
SIGSEGV: [libjvm.so+0xa7bb00], sa_mask[0]=11111111011111111101111111111110, sa_flags=SA_RESTART|SA_SIGINFO
SIGBUS: [libjvm.so+0xa7bb00], sa_mask[0]=11111111011111111101111111111110, sa_flags=SA_RESTART|SA_SIGINFO
SIGFPE: [libjvm.so+0x8c3d50], sa_mask[0]=11111111011111111101111111111110, sa_flags=SA_RESTART|SA_SIGINFO
SIGPIPE: [libjvm.so+0x8c3d50], sa_mask[0]=11111111011111111101111111111110, sa_flags=SA_RESTART|SA_SIGINFO
SIGXFSZ: [libjvm.so+0x8c3d50], sa_mask[0]=11111111011111111101111111111110, sa_flags=SA_RESTART|SA_SIGINFO
SIGILL: [libjvm.so+0x8c3d50], sa_mask[0]=11111111011111111101111111111110, sa_flags=SA_RESTART|SA_SIGINFO
SIGUSR1: SIG_DFL, sa_mask[0]=00000000000000000000000000000000, sa_flags=none
SIGUSR2: [libjvm.so+0x8c3c00], sa_mask[0]=00000000000000000000000000000000, sa_flags=SA_RESTART|SA_SIGINFO
SIGHUP: SIG_DFL, sa_mask[0]=00000000000000000000000000000000, sa_flags=none
SIGINT: SIG_DFL, sa_mask[0]=00000000000000000000000000000000, sa_flags=none
SIGTERM: SIG_DFL, sa_mask[0]=00000000000000000000000000000000, sa_flags=none
SIGQUIT: SIG_DFL, sa_mask[0]=00000000000000000000000000000000, sa_flags=none


---------------  S Y S T E M  ---------------

OS:DISTRIB_ID=Ubuntu
DISTRIB_RELEASE=16.04
DISTRIB_CODENAME=xenial
DISTRIB_DESCRIPTION="Ubuntu 16.04.6 LTS"

uname:Linux 4.15.0-1078-gcp #88~16.04.1-Ubuntu SMP Sat Jun 13 00:11:03 UTC 2020 x86_64
libc:glibc 2.23 NPTL 2.23 
rlimit: STACK 8192k, CORE 0k, NPROC 39739, NOFILE 1048576, AS infinity
load average:0.05 0.54 0.82

/proc/meminfo:
MemTotal:       10231320 kB
MemFree:         3587880 kB
MemAvailable:    4851860 kB
Buffers:          222260 kB
Cached:           680744 kB
SwapCached:            0 kB
Active:          5388688 kB
Inactive:         401760 kB
Active(anon):    4890328 kB
Inactive(anon):     8396 kB
Active(file):     498360 kB
Inactive(file):   393364 kB
Unevictable:        3652 kB
Mlocked:            3652 kB
SwapTotal:             0 kB
SwapFree:              0 kB
Dirty:                84 kB
Writeback:             0 kB
AnonPages:       4891096 kB
Mapped:            51272 kB
Shmem:              8860 kB
Slab:             734616 kB
SReclaimable:     685964 kB
SUnreclaim:        48652 kB
KernelStack:        3360 kB
PageTables:        14608 kB
NFS_Unstable:          0 kB
Bounce:                0 kB
WritebackTmp:          0 kB
CommitLimit:     5115660 kB
Committed_AS:   12280624 kB
VmallocTotal:   34359738367 kB
VmallocUsed:           0 kB
VmallocChunk:          0 kB
HardwareCorrupted:     0 kB
AnonHugePages:         0 kB
ShmemHugePages:        0 kB
ShmemPmdMapped:        0 kB
CmaTotal:              0 kB
CmaFree:               0 kB
HugePages_Total:       0
HugePages_Free:        0
HugePages_Rsvd:        0
HugePages_Surp:        0
Hugepagesize:       2048 kB
DirectMap4k:       76988 kB
DirectMap2M:     4116480 kB
DirectMap1G:     8388608 kB

container (cgroup) information:
container_type: cgroupv1
cpu_cpuset_cpus: 0-3
cpu_memory_nodes: 0
active_processor_count: 4
cpu_quota: -1
cpu_period: 100000
cpu_shares: -1
memory_limit_in_bytes: -1
memory_and_swap_limit_in_bytes: -2
memory_soft_limit_in_bytes: -1
memory_usage_in_bytes: 6325207040
memory_max_usage_in_bytes: 6919352320


CPU:total 4 (initial active 4) (2 cores per cpu, 2 threads per core) family 6 model 79 stepping 0, cmov, cx8, fxsr, mmx, sse, sse2, sse3, ssse3, sse4.1, sse4.2, popcnt, avx, avx2, aes, clmul, erms, rtm, 3dnowpref, lzcnt, ht, tsc, tscinvbit, bmi1, bmi2, adx

/proc/cpuinfo:
processor	: 0
vendor_id	: GenuineIntel
cpu family	: 6
model		: 79
model name	: Intel(R) Xeon(R) CPU @ 2.20GHz
stepping	: 0
microcode	: 0x1
cpu MHz		: 2200.000
cache size	: 56320 KB
physical id	: 0
siblings	: 4
core id		: 0
cpu cores	: 2
apicid		: 0
initial apicid	: 0
fpu		: yes
fpu_exception	: yes
cpuid level	: 13
wp		: yes
flags		: fpu vme de pse tsc msr pae mce cx8 apic sep mtrr pge mca cmov pat pse36 clflush mmx fxsr sse sse2 ss ht syscall nx pdpe1gb rdtscp lm constant_tsc rep_good nopl xtopology nonstop_tsc cpuid tsc_known_freq pni pclmulqdq ssse3 fma cx16 pcid sse4_1 sse4_2 x2apic movbe popcnt aes xsave avx f16c rdrand hypervisor lahf_lm abm 3dnowprefetch invpcid_single pti ssbd ibrs ibpb stibp fsgsbase tsc_adjust bmi1 hle avx2 smep bmi2 erms invpcid rtm rdseed adx smap xsaveopt arat md_clear arch_capabilities
bugs		: cpu_meltdown spectre_v1 spectre_v2 spec_store_bypass l1tf mds swapgs taa
bogomips	: 4400.00
clflush size	: 64
cache_alignment	: 64
address sizes	: 46 bits physical, 48 bits virtual
power management:

processor	: 1
vendor_id	: GenuineIntel
cpu family	: 6
model		: 79
model name	: Intel(R) Xeon(R) CPU @ 2.20GHz
stepping	: 0
microcode	: 0x1
cpu MHz		: 2200.000
cache size	: 56320 KB
physical id	: 0
siblings	: 4
core id		: 1
cpu cores	: 2
apicid		: 2
initial apicid	: 2
fpu		: yes
fpu_exception	: yes
cpuid level	: 13
wp		: yes
flags		: fpu vme de pse tsc msr pae mce cx8 apic sep mtrr pge mca cmov pat pse36 clflush mmx fxsr sse sse2 ss ht syscall nx pdpe1gb rdtscp lm constant_tsc rep_good nopl xtopology nonstop_tsc cpuid tsc_known_freq pni pclmulqdq ssse3 fma cx16 pcid sse4_1 sse4_2 x2apic movbe popcnt aes xsave avx f16c rdrand hypervisor lahf_lm abm 3dnowprefetch invpcid_single pti ssbd ibrs ibpb stibp fsgsbase tsc_adjust bmi1 hle avx2 smep bmi2 erms invpcid rtm rdseed adx smap xsaveopt arat md_clear arch_capabilities
bugs		: cpu_meltdown spectre_v1 spectre_v2 spec_store_bypass l1tf mds swapgs taa
bogomips	: 4400.00
clflush size	: 64
cache_alignment	: 64
address sizes	: 46 bits physical, 48 bits virtual
power management:

processor	: 2
vendor_id	: GenuineIntel
cpu family	: 6
model		: 79
model name	: Intel(R) Xeon(R) CPU @ 2.20GHz
stepping	: 0
microcode	: 0x1
cpu MHz		: 2200.000
cache size	: 56320 KB
physical id	: 0
siblings	: 4
core id		: 0
cpu cores	: 2
apicid		: 1
initial apicid	: 1
fpu		: yes
fpu_exception	: yes
cpuid level	: 13
wp		: yes
flags		: fpu vme de pse tsc msr pae mce cx8 apic sep mtrr pge mca cmov pat pse36 clflush mmx fxsr sse sse2 ss ht syscall nx pdpe1gb rdtscp lm constant_tsc rep_good nopl xtopology nonstop_tsc cpuid tsc_known_freq pni pclmulqdq ssse3 fma cx16 pcid sse4_1 sse4_2 x2apic movbe popcnt aes xsave avx f16c rdrand hypervisor lahf_lm abm 3dnowprefetch invpcid_single pti ssbd ibrs ibpb stibp fsgsbase tsc_adjust bmi1 hle avx2 smep bmi2 erms invpcid rtm rdseed adx smap xsaveopt arat md_clear arch_capabilities
bugs		: cpu_meltdown spectre_v1 spectre_v2 spec_store_bypass l1tf mds swapgs taa
bogomips	: 4400.00
clflush size	: 64
cache_alignment	: 64
address sizes	: 46 bits physical, 48 bits virtual
power management:

processor	: 3
vendor_id	: GenuineIntel
cpu family	: 6
model		: 79
model name	: Intel(R) Xeon(R) CPU @ 2.20GHz
stepping	: 0
microcode	: 0x1
cpu MHz		: 2200.000
cache size	: 56320 KB
physical id	: 0
siblings	: 4
core id		: 1
cpu cores	: 2
apicid		: 3
initial apicid	: 3
fpu		: yes
fpu_exception	: yes
cpuid level	: 13
wp		: yes
flags		: fpu vme de pse tsc msr pae mce cx8 apic sep mtrr pge mca cmov pat pse36 clflush mmx fxsr sse sse2 ss ht syscall nx pdpe1gb rdtscp lm constant_tsc rep_good nopl xtopology nonstop_tsc cpuid tsc_known_freq pni pclmulqdq ssse3 fma cx16 pcid sse4_1 sse4_2 x2apic movbe popcnt aes xsave avx f16c rdrand hypervisor lahf_lm abm 3dnowprefetch invpcid_single pti ssbd ibrs ibpb stibp fsgsbase tsc_adjust bmi1 hle avx2 smep bmi2 erms invpcid rtm rdseed adx smap xsaveopt arat md_clear arch_capabilities
bugs		: cpu_meltdown spectre_v1 spectre_v2 spec_store_bypass l1tf mds swapgs taa
bogomips	: 4400.00
clflush size	: 64
cache_alignment	: 64
address sizes	: 46 bits physical, 48 bits virtual
power management:



Memory: 4k page, physical 10231320k(3587880k free), swap 0k(0k free)

vm_info: OpenJDK 64-Bit Server VM (25.252-b09) for linux-amd64 JRE (1.8.0_252-8u252-b09-1~16.04-b09), built on Apr 15 2020 21:06:51 by "buildd" with gcc 5.4.0 20160609

time: Fri Jul 17 17:21:27 2020
timezone: UTC
elapsed time: 0 seconds (0d 0h 0m 0s)

