#
# There is insufficient memory for the Java Runtime Environment to continue.
# Native memory allocation (mmap) failed to map 4294967296 bytes for committing reserved memory.
# Possible reasons:
#   The system is out of physical RAM or swap space
#   The process is running with CompressedOops enabled, and the Java Heap may be blocking the growth of the native heap
# Possible solutions:
#   Reduce memory load on the system
#   Increase physical memory or swap space
#   Check if swap backing store is full
#   Decrease Java heap size (-Xmx/-Xms)
#   Decrease number of Java threads
#   Decrease Java thread stack sizes (-Xss)
#   Set larger code cache with -XX:ReservedCodeCacheSize=
# This output file may be truncated or incomplete.
#
#  Out of Memory Error (os_linux.cpp:2757), pid=25438, tid=0x00007ff5a7b4b700
#
# JRE version:  (8.0_252-b09) (build )
# Java VM: OpenJDK 64-Bit Server VM (25.252-b09 mixed mode linux-amd64 compressed oops)
# Core dump written. Default location: /home/minecraft-elitars/core or core.25438
#

---------------  T H R E A D  ---------------

Current thread (0x00007ff5a000a800):  JavaThread "Unknown thread" [_thread_in_vm, id=25439, stack(0x00007ff5a7a4b000,0x00007ff5a7b4c000)]

Stack: [0x00007ff5a7a4b000,0x00007ff5a7b4c000],  sp=0x00007ff5a7b4a660,  free space=1021k
Native frames: (J=compiled Java code, j=interpreted, Vv=VM code, C=native code)
V  [libjvm.so+0xa7af9b]
V  [libjvm.so+0x4ccc7c]
V  [libjvm.so+0x8c8ce8]
V  [libjvm.so+0x8c032e]
V  [libjvm.so+0x93e076]
V  [libjvm.so+0x92ebb3]
V  [libjvm.so+0x2b24b1]
V  [libjvm.so+0x8ee479]
V  [libjvm.so+0xa3eb69]
V  [libjvm.so+0xa3edb2]
V  [libjvm.so+0x617fdf]
V  [libjvm.so+0xa242cb]
V  [libjvm.so+0x692a22]  JNI_CreateJavaVM+0x62
C  [libjli.so+0x2f2e]
C  [libjli.so+0x74ed]
C  [libpthread.so.0+0x76ba]  start_thread+0xca


---------------  P R O C E S S  ---------------

Java Threads: ( => current thread )

Other Threads:

=>0x00007ff5a000a800 (exited) JavaThread "Unknown thread" [_thread_in_vm, id=25439, stack(0x00007ff5a7a4b000,0x00007ff5a7b4c000)]

VM state:not at safepoint (not fully initialized)

VM Mutex/Monitor currently owned by a thread: None

heap address: 0x0000000640000000, size: 6144 MB, Compressed Oops mode: Non-zero based:0x000000063ffff000, Oop shift amount: 3
Narrow klass base: 0x0000000000000000, Narrow klass shift: 0

GC Heap History (0 events):
No events

Deoptimization events (0 events):
No events

Classes redefined (0 events):
No events

Internal exceptions (0 events):
No events

Events (0 events):
No events


Dynamic libraries:
740000000-7c0000000 rw-p 00000000 00:00 0 
55a07edfa000-55a07edfb000 r-xp 00000000 08:01 258518                     /usr/lib/jvm/java-8-openjdk-amd64/jre/bin/java
55a07effa000-55a07effb000 r--p 00000000 08:01 258518                     /usr/lib/jvm/java-8-openjdk-amd64/jre/bin/java
55a07effb000-55a07effc000 rw-p 00001000 08:01 258518                     /usr/lib/jvm/java-8-openjdk-amd64/jre/bin/java
55a08097e000-55a08099f000 rw-p 00000000 00:00 0                          [heap]
7ff5903ff000-7ff590bff000 ---p 00000000 00:00 0 
7ff590bff000-7ff591000000 rw-p 00000000 00:00 0 
7ff591000000-7ff591270000 rwxp 00000000 00:00 0 
7ff591270000-7ff5a0000000 ---p 00000000 00:00 0 
7ff5a0000000-7ff5a0032000 rw-p 00000000 00:00 0 
7ff5a0032000-7ff5a4000000 ---p 00000000 00:00 0 
7ff5a40db000-7ff5a40e5000 rw-p 00000000 00:00 0 
7ff5a40e5000-7ff5a449b000 ---p 00000000 00:00 0 
7ff5a449b000-7ff5a44a3000 r-xp 00000000 08:01 258454                     /usr/lib/jvm/java-8-openjdk-amd64/jre/lib/amd64/libzip.so
7ff5a44a3000-7ff5a46a2000 ---p 00008000 08:01 258454                     /usr/lib/jvm/java-8-openjdk-amd64/jre/lib/amd64/libzip.so
7ff5a46a2000-7ff5a46a3000 r--p 00007000 08:01 258454                     /usr/lib/jvm/java-8-openjdk-amd64/jre/lib/amd64/libzip.so
7ff5a46a3000-7ff5a46a4000 rw-p 00008000 08:01 258454                     /usr/lib/jvm/java-8-openjdk-amd64/jre/lib/amd64/libzip.so
7ff5a46a4000-7ff5a46af000 r-xp 00000000 08:01 2099                       /lib/x86_64-linux-gnu/libnss_files-2.23.so
7ff5a46af000-7ff5a48ae000 ---p 0000b000 08:01 2099                       /lib/x86_64-linux-gnu/libnss_files-2.23.so
7ff5a48ae000-7ff5a48af000 r--p 0000a000 08:01 2099                       /lib/x86_64-linux-gnu/libnss_files-2.23.so
7ff5a48af000-7ff5a48b0000 rw-p 0000b000 08:01 2099                       /lib/x86_64-linux-gnu/libnss_files-2.23.so
7ff5a48b0000-7ff5a48b6000 rw-p 00000000 00:00 0 
7ff5a48b6000-7ff5a48c1000 r-xp 00000000 08:01 2103                       /lib/x86_64-linux-gnu/libnss_nis-2.23.so
7ff5a48c1000-7ff5a4ac0000 ---p 0000b000 08:01 2103                       /lib/x86_64-linux-gnu/libnss_nis-2.23.so
7ff5a4ac0000-7ff5a4ac1000 r--p 0000a000 08:01 2103                       /lib/x86_64-linux-gnu/libnss_nis-2.23.so
7ff5a4ac1000-7ff5a4ac2000 rw-p 0000b000 08:01 2103                       /lib/x86_64-linux-gnu/libnss_nis-2.23.so
7ff5a4ac2000-7ff5a4ad8000 r-xp 00000000 08:01 2089                       /lib/x86_64-linux-gnu/libnsl-2.23.so
7ff5a4ad8000-7ff5a4cd7000 ---p 00016000 08:01 2089                       /lib/x86_64-linux-gnu/libnsl-2.23.so
7ff5a4cd7000-7ff5a4cd8000 r--p 00015000 08:01 2089                       /lib/x86_64-linux-gnu/libnsl-2.23.so
7ff5a4cd8000-7ff5a4cd9000 rw-p 00016000 08:01 2089                       /lib/x86_64-linux-gnu/libnsl-2.23.so
7ff5a4cd9000-7ff5a4cdb000 rw-p 00000000 00:00 0 
7ff5a4cdb000-7ff5a4ce3000 r-xp 00000000 08:01 2101                       /lib/x86_64-linux-gnu/libnss_compat-2.23.so
7ff5a4ce3000-7ff5a4ee2000 ---p 00008000 08:01 2101                       /lib/x86_64-linux-gnu/libnss_compat-2.23.so
7ff5a4ee2000-7ff5a4ee3000 r--p 00007000 08:01 2101                       /lib/x86_64-linux-gnu/libnss_compat-2.23.so
7ff5a4ee3000-7ff5a4ee4000 rw-p 00008000 08:01 2101                       /lib/x86_64-linux-gnu/libnss_compat-2.23.so
7ff5a4ee4000-7ff5a4f0d000 r-xp 00000000 08:01 258446                     /usr/lib/jvm/java-8-openjdk-amd64/jre/lib/amd64/libjava.so
7ff5a4f0d000-7ff5a510d000 ---p 00029000 08:01 258446                     /usr/lib/jvm/java-8-openjdk-amd64/jre/lib/amd64/libjava.so
7ff5a510d000-7ff5a510e000 r--p 00029000 08:01 258446                     /usr/lib/jvm/java-8-openjdk-amd64/jre/lib/amd64/libjava.so
7ff5a510e000-7ff5a5110000 rw-p 0002a000 08:01 258446                     /usr/lib/jvm/java-8-openjdk-amd64/jre/lib/amd64/libjava.so
7ff5a5110000-7ff5a511f000 r-xp 00000000 08:01 258468                     /usr/lib/jvm/java-8-openjdk-amd64/jre/lib/amd64/libverify.so
7ff5a511f000-7ff5a531e000 ---p 0000f000 08:01 258468                     /usr/lib/jvm/java-8-openjdk-amd64/jre/lib/amd64/libverify.so
7ff5a531e000-7ff5a5320000 r--p 0000e000 08:01 258468                     /usr/lib/jvm/java-8-openjdk-amd64/jre/lib/amd64/libverify.so
7ff5a5320000-7ff5a5321000 rw-p 00010000 08:01 258468                     /usr/lib/jvm/java-8-openjdk-amd64/jre/lib/amd64/libverify.so
7ff5a5321000-7ff5a5328000 r-xp 00000000 08:01 2106                       /lib/x86_64-linux-gnu/librt-2.23.so
7ff5a5328000-7ff5a5527000 ---p 00007000 08:01 2106                       /lib/x86_64-linux-gnu/librt-2.23.so
7ff5a5527000-7ff5a5528000 r--p 00006000 08:01 2106                       /lib/x86_64-linux-gnu/librt-2.23.so
7ff5a5528000-7ff5a5529000 rw-p 00007000 08:01 2106                       /lib/x86_64-linux-gnu/librt-2.23.so
7ff5a5529000-7ff5a553f000 r-xp 00000000 08:01 1939                       /lib/x86_64-linux-gnu/libgcc_s.so.1
7ff5a553f000-7ff5a573e000 ---p 00016000 08:01 1939                       /lib/x86_64-linux-gnu/libgcc_s.so.1
7ff5a573e000-7ff5a573f000 rw-p 00015000 08:01 1939                       /lib/x86_64-linux-gnu/libgcc_s.so.1
7ff5a573f000-7ff5a5847000 r-xp 00000000 08:01 2090                       /lib/x86_64-linux-gnu/libm-2.23.so
7ff5a5847000-7ff5a5a46000 ---p 00108000 08:01 2090                       /lib/x86_64-linux-gnu/libm-2.23.so
7ff5a5a46000-7ff5a5a47000 r--p 00107000 08:01 2090                       /lib/x86_64-linux-gnu/libm-2.23.so
7ff5a5a47000-7ff5a5a48000 rw-p 00108000 08:01 2090                       /lib/x86_64-linux-gnu/libm-2.23.so
7ff5a5a48000-7ff5a5bba000 r-xp 00000000 08:01 25954                      /usr/lib/x86_64-linux-gnu/libstdc++.so.6.0.21
7ff5a5bba000-7ff5a5dba000 ---p 00172000 08:01 25954                      /usr/lib/x86_64-linux-gnu/libstdc++.so.6.0.21
7ff5a5dba000-7ff5a5dc4000 r--p 00172000 08:01 25954                      /usr/lib/x86_64-linux-gnu/libstdc++.so.6.0.21
7ff5a5dc4000-7ff5a5dc6000 rw-p 0017c000 08:01 25954                      /usr/lib/x86_64-linux-gnu/libstdc++.so.6.0.21
7ff5a5dc6000-7ff5a5dca000 rw-p 00000000 00:00 0 
7ff5a5dca000-7ff5a6a32000 r-xp 00000000 08:01 258448                     /usr/lib/jvm/java-8-openjdk-amd64/jre/lib/amd64/server/libjvm.so
7ff5a6a32000-7ff5a6c32000 ---p 00c68000 08:01 258448                     /usr/lib/jvm/java-8-openjdk-amd64/jre/lib/amd64/server/libjvm.so
7ff5a6c32000-7ff5a6cc6000 r--p 00c68000 08:01 258448                     /usr/lib/jvm/java-8-openjdk-amd64/jre/lib/amd64/server/libjvm.so
7ff5a6cc6000-7ff5a6cef000 rw-p 00cfc000 08:01 258448                     /usr/lib/jvm/java-8-openjdk-amd64/jre/lib/amd64/server/libjvm.so
7ff5a6cef000-7ff5a6d1f000 rw-p 00000000 00:00 0 
7ff5a6d1f000-7ff5a6d37000 r-xp 00000000 08:01 2087                       /lib/x86_64-linux-gnu/libpthread-2.23.so
7ff5a6d37000-7ff5a6f36000 ---p 00018000 08:01 2087                       /lib/x86_64-linux-gnu/libpthread-2.23.so
7ff5a6f36000-7ff5a6f37000 r--p 00017000 08:01 2087                       /lib/x86_64-linux-gnu/libpthread-2.23.so
7ff5a6f37000-7ff5a6f38000 rw-p 00018000 08:01 2087                       /lib/x86_64-linux-gnu/libpthread-2.23.so
7ff5a6f38000-7ff5a6f3c000 rw-p 00000000 00:00 0 
7ff5a6f3c000-7ff5a6f3f000 r-xp 00000000 08:01 2084                       /lib/x86_64-linux-gnu/libdl-2.23.so
7ff5a6f3f000-7ff5a713e000 ---p 00003000 08:01 2084                       /lib/x86_64-linux-gnu/libdl-2.23.so
7ff5a713e000-7ff5a713f000 r--p 00002000 08:01 2084                       /lib/x86_64-linux-gnu/libdl-2.23.so
7ff5a713f000-7ff5a7140000 rw-p 00003000 08:01 2084                       /lib/x86_64-linux-gnu/libdl-2.23.so
7ff5a7140000-7ff5a7159000 r-xp 00000000 08:01 2054                       /lib/x86_64-linux-gnu/libz.so.1.2.8
7ff5a7159000-7ff5a7358000 ---p 00019000 08:01 2054                       /lib/x86_64-linux-gnu/libz.so.1.2.8
7ff5a7358000-7ff5a7359000 r--p 00018000 08:01 2054                       /lib/x86_64-linux-gnu/libz.so.1.2.8
7ff5a7359000-7ff5a735a000 rw-p 00019000 08:01 2054                       /lib/x86_64-linux-gnu/libz.so.1.2.8
7ff5a735a000-7ff5a751a000 r-xp 00000000 08:01 2086                       /lib/x86_64-linux-gnu/libc-2.23.so
7ff5a751a000-7ff5a771a000 ---p 001c0000 08:01 2086                       /lib/x86_64-linux-gnu/libc-2.23.so
7ff5a771a000-7ff5a771e000 r--p 001c0000 08:01 2086                       /lib/x86_64-linux-gnu/libc-2.23.so
7ff5a771e000-7ff5a7720000 rw-p 001c4000 08:01 2086                       /lib/x86_64-linux-gnu/libc-2.23.so
7ff5a7720000-7ff5a7724000 rw-p 00000000 00:00 0 
7ff5a7724000-7ff5a7731000 r-xp 00000000 08:01 258445                     /usr/lib/jvm/java-8-openjdk-amd64/jre/lib/amd64/jli/libjli.so
7ff5a7731000-7ff5a7931000 ---p 0000d000 08:01 258445                     /usr/lib/jvm/java-8-openjdk-amd64/jre/lib/amd64/jli/libjli.so
7ff5a7931000-7ff5a7932000 r--p 0000d000 08:01 258445                     /usr/lib/jvm/java-8-openjdk-amd64/jre/lib/amd64/jli/libjli.so
7ff5a7932000-7ff5a7933000 rw-p 0000e000 08:01 258445                     /usr/lib/jvm/java-8-openjdk-amd64/jre/lib/amd64/jli/libjli.so
7ff5a7933000-7ff5a7959000 r-xp 00000000 08:01 2097                       /lib/x86_64-linux-gnu/ld-2.23.so
7ff5a7a43000-7ff5a7a4b000 rw-s 00000000 08:01 916415                     /tmp/hsperfdata_root/25438
7ff5a7a4b000-7ff5a7a4e000 ---p 00000000 00:00 0 
7ff5a7a4e000-7ff5a7b50000 rw-p 00000000 00:00 0 
7ff5a7b55000-7ff5a7b56000 rw-p 00000000 00:00 0 
7ff5a7b56000-7ff5a7b57000 r--p 00000000 00:00 0 
7ff5a7b57000-7ff5a7b58000 rw-p 00000000 00:00 0 
7ff5a7b58000-7ff5a7b59000 r--p 00025000 08:01 2097                       /lib/x86_64-linux-gnu/ld-2.23.so
7ff5a7b59000-7ff5a7b5a000 rw-p 00026000 08:01 2097                       /lib/x86_64-linux-gnu/ld-2.23.so
7ff5a7b5a000-7ff5a7b5b000 rw-p 00000000 00:00 0 
7ffc110cc000-7ffc110ed000 rw-p 00000000 00:00 0                          [stack]
7ffc1115c000-7ffc1115f000 r--p 00000000 00:00 0                          [vvar]
7ffc1115f000-7ffc11161000 r-xp 00000000 00:00 0                          [vdso]
ffffffffff600000-ffffffffff601000 r-xp 00000000 00:00 0                  [vsyscall]

VM Arguments:
jvm_args: -Xmx6G -Xms6G 
java_command: server.jar
java_class_path (initial): server.jar
Launcher Type: SUN_STANDARD

Environment Variables:
PATH=/usr/local/sbin:/usr/local/bin:/usr/sbin:/usr/bin:/sbin:/bin:/snap/bin
USERNAME=root
SHELL=/bin/bash

Signal Handlers:
SIGSEGV: [libjvm.so+0xa7bb00], sa_mask[0]=11111111011111111101111111111110, sa_flags=SA_RESTART|SA_SIGINFO
SIGBUS: [libjvm.so+0xa7bb00], sa_mask[0]=11111111011111111101111111111110, sa_flags=SA_RESTART|SA_SIGINFO
SIGFPE: [libjvm.so+0x8c3d50], sa_mask[0]=11111111011111111101111111111110, sa_flags=SA_RESTART|SA_SIGINFO
SIGPIPE: [libjvm.so+0x8c3d50], sa_mask[0]=11111111011111111101111111111110, sa_flags=SA_RESTART|SA_SIGINFO
SIGXFSZ: [libjvm.so+0x8c3d50], sa_mask[0]=11111111011111111101111111111110, sa_flags=SA_RESTART|SA_SIGINFO
SIGILL: [libjvm.so+0x8c3d50], sa_mask[0]=11111111011111111101111111111110, sa_flags=SA_RESTART|SA_SIGINFO
SIGUSR1: SIG_DFL, sa_mask[0]=00000000000000000000000000000000, sa_flags=none
SIGUSR2: [libjvm.so+0x8c3c00], sa_mask[0]=00000000000000000000000000000000, sa_flags=SA_RESTART|SA_SIGINFO
SIGHUP: SIG_DFL, sa_mask[0]=00000000000000000000000000000000, sa_flags=none
SIGINT: SIG_DFL, sa_mask[0]=00000000000000000000000000000000, sa_flags=none
SIGTERM: SIG_DFL, sa_mask[0]=00000000000000000000000000000000, sa_flags=none
SIGQUIT: SIG_DFL, sa_mask[0]=00000000000000000000000000000000, sa_flags=none


---------------  S Y S T E M  ---------------

OS:DISTRIB_ID=Ubuntu
DISTRIB_RELEASE=16.04
DISTRIB_CODENAME=xenial
DISTRIB_DESCRIPTION="Ubuntu 16.04.6 LTS"

uname:Linux 4.15.0-1078-gcp #88~16.04.1-Ubuntu SMP Sat Jun 13 00:11:03 UTC 2020 x86_64
libc:glibc 2.23 NPTL 2.23 
rlimit: STACK 8192k, CORE infinity, NPROC 31676, NOFILE 1048576, AS infinity
load average:0.00 0.08 0.34

/proc/meminfo:
MemTotal:        8167296 kB
MemFree:         2753376 kB
MemAvailable:    3579576 kB
Buffers:          248208 kB
Cached:           762804 kB
SwapCached:            0 kB
Active:          4670372 kB
Inactive:         516808 kB
Active(anon):    4178680 kB
Inactive(anon):     8412 kB
Active(file):     491692 kB
Inactive(file):   508396 kB
Unevictable:        3652 kB
Mlocked:            3652 kB
SwapTotal:             0 kB
SwapFree:              0 kB
Dirty:                32 kB
Writeback:             0 kB
AnonPages:       4179832 kB
Mapped:            52372 kB
Shmem:              8904 kB
Slab:             135612 kB
SReclaimable:      94588 kB
SUnreclaim:        41024 kB
KernelStack:        3392 kB
PageTables:        13616 kB
NFS_Unstable:          0 kB
Bounce:                0 kB
WritebackTmp:          0 kB
CommitLimit:     4083648 kB
Committed_AS:    9911964 kB
VmallocTotal:   34359738367 kB
VmallocUsed:           0 kB
VmallocChunk:          0 kB
HardwareCorrupted:     0 kB
AnonHugePages:         0 kB
ShmemHugePages:        0 kB
ShmemPmdMapped:        0 kB
CmaTotal:              0 kB
CmaFree:               0 kB
HugePages_Total:       0
HugePages_Free:        0
HugePages_Rsvd:        0
HugePages_Surp:        0
Hugepagesize:       2048 kB
DirectMap4k:      109756 kB
DirectMap2M:     6180864 kB
DirectMap1G:     4194304 kB

container (cgroup) information:
container_type: cgroupv1
cpu_cpuset_cpus: 0-1
cpu_memory_nodes: 0
active_processor_count: 2
cpu_quota: -1
cpu_period: 100000
cpu_shares: -1
memory_limit_in_bytes: -1
memory_and_swap_limit_in_bytes: -2
memory_soft_limit_in_bytes: -1
memory_usage_in_bytes: 5141286912
memory_max_usage_in_bytes: 7849435136


CPU:total 2 (initial active 2) (1 cores per cpu, 2 threads per core) family 6 model 79 stepping 0, cmov, cx8, fxsr, mmx, sse, sse2, sse3, ssse3, sse4.1, sse4.2, popcnt, avx, avx2, aes, clmul, erms, rtm, 3dnowpref, lzcnt, ht, tsc, tscinvbit, bmi1, bmi2, adx

/proc/cpuinfo:
processor	: 0
vendor_id	: GenuineIntel
cpu family	: 6
model		: 79
model name	: Intel(R) Xeon(R) CPU @ 2.20GHz
stepping	: 0
microcode	: 0x1
cpu MHz		: 2200.000
cache size	: 56320 KB
physical id	: 0
siblings	: 2
core id		: 0
cpu cores	: 1
apicid		: 0
initial apicid	: 0
fpu		: yes
fpu_exception	: yes
cpuid level	: 13
wp		: yes
flags		: fpu vme de pse tsc msr pae mce cx8 apic sep mtrr pge mca cmov pat pse36 clflush mmx fxsr sse sse2 ss ht syscall nx pdpe1gb rdtscp lm constant_tsc rep_good nopl xtopology nonstop_tsc cpuid tsc_known_freq pni pclmulqdq ssse3 fma cx16 pcid sse4_1 sse4_2 x2apic movbe popcnt aes xsave avx f16c rdrand hypervisor lahf_lm abm 3dnowprefetch invpcid_single pti ssbd ibrs ibpb stibp fsgsbase tsc_adjust bmi1 hle avx2 smep bmi2 erms invpcid rtm rdseed adx smap xsaveopt arat md_clear arch_capabilities
bugs		: cpu_meltdown spectre_v1 spectre_v2 spec_store_bypass l1tf mds swapgs taa
bogomips	: 4400.00
clflush size	: 64
cache_alignment	: 64
address sizes	: 46 bits physical, 48 bits virtual
power management:

processor	: 1
vendor_id	: GenuineIntel
cpu family	: 6
model		: 79
model name	: Intel(R) Xeon(R) CPU @ 2.20GHz
stepping	: 0
microcode	: 0x1
cpu MHz		: 2200.000
cache size	: 56320 KB
physical id	: 0
siblings	: 2
core id		: 0
cpu cores	: 1
apicid		: 1
initial apicid	: 1
fpu		: yes
fpu_exception	: yes
cpuid level	: 13
wp		: yes
flags		: fpu vme de pse tsc msr pae mce cx8 apic sep mtrr pge mca cmov pat pse36 clflush mmx fxsr sse sse2 ss ht syscall nx pdpe1gb rdtscp lm constant_tsc rep_good nopl xtopology nonstop_tsc cpuid tsc_known_freq pni pclmulqdq ssse3 fma cx16 pcid sse4_1 sse4_2 x2apic movbe popcnt aes xsave avx f16c rdrand hypervisor lahf_lm abm 3dnowprefetch invpcid_single pti ssbd ibrs ibpb stibp fsgsbase tsc_adjust bmi1 hle avx2 smep bmi2 erms invpcid rtm rdseed adx smap xsaveopt arat md_clear arch_capabilities
bugs		: cpu_meltdown spectre_v1 spectre_v2 spec_store_bypass l1tf mds swapgs taa
bogomips	: 4400.00
clflush size	: 64
cache_alignment	: 64
address sizes	: 46 bits physical, 48 bits virtual
power management:



Memory: 4k page, physical 8167296k(2753376k free), swap 0k(0k free)

vm_info: OpenJDK 64-Bit Server VM (25.252-b09) for linux-amd64 JRE (1.8.0_252-8u252-b09-1~16.04-b09), built on Apr 15 2020 21:06:51 by "buildd" with gcc 5.4.0 20160609

time: Mon Jul 20 16:35:00 2020
timezone: UTC
elapsed time: 0 seconds (0d 0h 0m 0s)

