#
# There is insufficient memory for the Java Runtime Environment to continue.
# Native memory allocation (mmap) failed to map 4294967296 bytes for committing reserved memory.
# Possible reasons:
#   The system is out of physical RAM or swap space
#   The process is running with CompressedOops enabled, and the Java Heap may be blocking the growth of the native heap
# Possible solutions:
#   Reduce memory load on the system
#   Increase physical memory or swap space
#   Check if swap backing store is full
#   Decrease Java heap size (-Xmx/-Xms)
#   Decrease number of Java threads
#   Decrease Java thread stack sizes (-Xss)
#   Set larger code cache with -XX:ReservedCodeCacheSize=
# This output file may be truncated or incomplete.
#
#  Out of Memory Error (os_linux.cpp:2757), pid=25383, tid=0x00007fcb66f93700
#
# JRE version:  (8.0_252-b09) (build )
# Java VM: OpenJDK 64-Bit Server VM (25.252-b09 mixed mode linux-amd64 compressed oops)
# Failed to write core dump. Core dumps have been disabled. To enable core dumping, try "ulimit -c unlimited" before starting Java again
#

---------------  T H R E A D  ---------------

Current thread (0x00007fcb6000a800):  JavaThread "Unknown thread" [_thread_in_vm, id=25384, stack(0x00007fcb66e93000,0x00007fcb66f94000)]

Stack: [0x00007fcb66e93000,0x00007fcb66f94000],  sp=0x00007fcb66f92660,  free space=1021k
Native frames: (J=compiled Java code, j=interpreted, Vv=VM code, C=native code)
V  [libjvm.so+0xa7af9b]
V  [libjvm.so+0x4ccc7c]
V  [libjvm.so+0x8c8ce8]
V  [libjvm.so+0x8c032e]
V  [libjvm.so+0x93e076]
V  [libjvm.so+0x92ebb3]
V  [libjvm.so+0x2b24b1]
V  [libjvm.so+0x8ee479]
V  [libjvm.so+0xa3eb69]
V  [libjvm.so+0xa3edb2]
V  [libjvm.so+0x617fdf]
V  [libjvm.so+0xa242cb]
V  [libjvm.so+0x692a22]  JNI_CreateJavaVM+0x62
C  [libjli.so+0x2f2e]
C  [libjli.so+0x74ed]
C  [libpthread.so.0+0x76ba]  start_thread+0xca


---------------  P R O C E S S  ---------------

Java Threads: ( => current thread )

Other Threads:

=>0x00007fcb6000a800 (exited) JavaThread "Unknown thread" [_thread_in_vm, id=25384, stack(0x00007fcb66e93000,0x00007fcb66f94000)]

VM state:not at safepoint (not fully initialized)

VM Mutex/Monitor currently owned by a thread: None

heap address: 0x0000000640000000, size: 6144 MB, Compressed Oops mode: Non-zero based:0x000000063ffff000, Oop shift amount: 3
Narrow klass base: 0x0000000000000000, Narrow klass shift: 0

GC Heap History (0 events):
No events

Deoptimization events (0 events):
No events

Classes redefined (0 events):
No events

Internal exceptions (0 events):
No events

Events (0 events):
No events


Dynamic libraries:
740000000-7c0000000 rw-p 00000000 00:00 0 
55dfb117d000-55dfb117e000 r-xp 00000000 08:01 258518                     /usr/lib/jvm/java-8-openjdk-amd64/jre/bin/java
55dfb137d000-55dfb137e000 r--p 00000000 08:01 258518                     /usr/lib/jvm/java-8-openjdk-amd64/jre/bin/java
55dfb137e000-55dfb137f000 rw-p 00001000 08:01 258518                     /usr/lib/jvm/java-8-openjdk-amd64/jre/bin/java
55dfb27de000-55dfb27ff000 rw-p 00000000 00:00 0                          [heap]
7fcb4f7ff000-7fcb4ffff000 ---p 00000000 00:00 0 
7fcb4ffff000-7fcb5040a000 rw-p 00000000 00:00 0 
7fcb5040a000-7fcb507c0000 ---p 00000000 00:00 0 
7fcb507c0000-7fcb50a30000 rwxp 00000000 00:00 0 
7fcb50a30000-7fcb5f7c0000 ---p 00000000 00:00 0 
7fcb5f7c0000-7fcb5f7c8000 r-xp 00000000 08:01 258454                     /usr/lib/jvm/java-8-openjdk-amd64/jre/lib/amd64/libzip.so
7fcb5f7c8000-7fcb5f9c7000 ---p 00008000 08:01 258454                     /usr/lib/jvm/java-8-openjdk-amd64/jre/lib/amd64/libzip.so
7fcb5f9c7000-7fcb5f9c8000 r--p 00007000 08:01 258454                     /usr/lib/jvm/java-8-openjdk-amd64/jre/lib/amd64/libzip.so
7fcb5f9c8000-7fcb5f9c9000 rw-p 00008000 08:01 258454                     /usr/lib/jvm/java-8-openjdk-amd64/jre/lib/amd64/libzip.so
7fcb5f9c9000-7fcb5f9d4000 r-xp 00000000 08:01 2099                       /lib/x86_64-linux-gnu/libnss_files-2.23.so
7fcb5f9d4000-7fcb5fbd3000 ---p 0000b000 08:01 2099                       /lib/x86_64-linux-gnu/libnss_files-2.23.so
7fcb5fbd3000-7fcb5fbd4000 r--p 0000a000 08:01 2099                       /lib/x86_64-linux-gnu/libnss_files-2.23.so
7fcb5fbd4000-7fcb5fbd5000 rw-p 0000b000 08:01 2099                       /lib/x86_64-linux-gnu/libnss_files-2.23.so
7fcb5fbd5000-7fcb5fbdb000 rw-p 00000000 00:00 0 
7fcb5fbdb000-7fcb5fbe6000 r-xp 00000000 08:01 2103                       /lib/x86_64-linux-gnu/libnss_nis-2.23.so
7fcb5fbe6000-7fcb5fde5000 ---p 0000b000 08:01 2103                       /lib/x86_64-linux-gnu/libnss_nis-2.23.so
7fcb5fde5000-7fcb5fde6000 r--p 0000a000 08:01 2103                       /lib/x86_64-linux-gnu/libnss_nis-2.23.so
7fcb5fde6000-7fcb5fde7000 rw-p 0000b000 08:01 2103                       /lib/x86_64-linux-gnu/libnss_nis-2.23.so
7fcb5fde7000-7fcb5fdfd000 r-xp 00000000 08:01 2089                       /lib/x86_64-linux-gnu/libnsl-2.23.so
7fcb5fdfd000-7fcb5fffc000 ---p 00016000 08:01 2089                       /lib/x86_64-linux-gnu/libnsl-2.23.so
7fcb5fffc000-7fcb5fffd000 r--p 00015000 08:01 2089                       /lib/x86_64-linux-gnu/libnsl-2.23.so
7fcb5fffd000-7fcb5fffe000 rw-p 00016000 08:01 2089                       /lib/x86_64-linux-gnu/libnsl-2.23.so
7fcb5fffe000-7fcb60000000 rw-p 00000000 00:00 0 
7fcb60000000-7fcb60032000 rw-p 00000000 00:00 0 
7fcb60032000-7fcb64000000 ---p 00000000 00:00 0 
7fcb64123000-7fcb6412b000 r-xp 00000000 08:01 2101                       /lib/x86_64-linux-gnu/libnss_compat-2.23.so
7fcb6412b000-7fcb6432a000 ---p 00008000 08:01 2101                       /lib/x86_64-linux-gnu/libnss_compat-2.23.so
7fcb6432a000-7fcb6432b000 r--p 00007000 08:01 2101                       /lib/x86_64-linux-gnu/libnss_compat-2.23.so
7fcb6432b000-7fcb6432c000 rw-p 00008000 08:01 2101                       /lib/x86_64-linux-gnu/libnss_compat-2.23.so
7fcb6432c000-7fcb64355000 r-xp 00000000 08:01 258446                     /usr/lib/jvm/java-8-openjdk-amd64/jre/lib/amd64/libjava.so
7fcb64355000-7fcb64555000 ---p 00029000 08:01 258446                     /usr/lib/jvm/java-8-openjdk-amd64/jre/lib/amd64/libjava.so
7fcb64555000-7fcb64556000 r--p 00029000 08:01 258446                     /usr/lib/jvm/java-8-openjdk-amd64/jre/lib/amd64/libjava.so
7fcb64556000-7fcb64558000 rw-p 0002a000 08:01 258446                     /usr/lib/jvm/java-8-openjdk-amd64/jre/lib/amd64/libjava.so
7fcb64558000-7fcb64567000 r-xp 00000000 08:01 258468                     /usr/lib/jvm/java-8-openjdk-amd64/jre/lib/amd64/libverify.so
7fcb64567000-7fcb64766000 ---p 0000f000 08:01 258468                     /usr/lib/jvm/java-8-openjdk-amd64/jre/lib/amd64/libverify.so
7fcb64766000-7fcb64768000 r--p 0000e000 08:01 258468                     /usr/lib/jvm/java-8-openjdk-amd64/jre/lib/amd64/libverify.so
7fcb64768000-7fcb64769000 rw-p 00010000 08:01 258468                     /usr/lib/jvm/java-8-openjdk-amd64/jre/lib/amd64/libverify.so
7fcb64769000-7fcb64770000 r-xp 00000000 08:01 2106                       /lib/x86_64-linux-gnu/librt-2.23.so
7fcb64770000-7fcb6496f000 ---p 00007000 08:01 2106                       /lib/x86_64-linux-gnu/librt-2.23.so
7fcb6496f000-7fcb64970000 r--p 00006000 08:01 2106                       /lib/x86_64-linux-gnu/librt-2.23.so
7fcb64970000-7fcb64971000 rw-p 00007000 08:01 2106                       /lib/x86_64-linux-gnu/librt-2.23.so
7fcb64971000-7fcb64987000 r-xp 00000000 08:01 1939                       /lib/x86_64-linux-gnu/libgcc_s.so.1
7fcb64987000-7fcb64b86000 ---p 00016000 08:01 1939                       /lib/x86_64-linux-gnu/libgcc_s.so.1
7fcb64b86000-7fcb64b87000 rw-p 00015000 08:01 1939                       /lib/x86_64-linux-gnu/libgcc_s.so.1
7fcb64b87000-7fcb64c8f000 r-xp 00000000 08:01 2090                       /lib/x86_64-linux-gnu/libm-2.23.so
7fcb64c8f000-7fcb64e8e000 ---p 00108000 08:01 2090                       /lib/x86_64-linux-gnu/libm-2.23.so
7fcb64e8e000-7fcb64e8f000 r--p 00107000 08:01 2090                       /lib/x86_64-linux-gnu/libm-2.23.so
7fcb64e8f000-7fcb64e90000 rw-p 00108000 08:01 2090                       /lib/x86_64-linux-gnu/libm-2.23.so
7fcb64e90000-7fcb65002000 r-xp 00000000 08:01 25954                      /usr/lib/x86_64-linux-gnu/libstdc++.so.6.0.21
7fcb65002000-7fcb65202000 ---p 00172000 08:01 25954                      /usr/lib/x86_64-linux-gnu/libstdc++.so.6.0.21
7fcb65202000-7fcb6520c000 r--p 00172000 08:01 25954                      /usr/lib/x86_64-linux-gnu/libstdc++.so.6.0.21
7fcb6520c000-7fcb6520e000 rw-p 0017c000 08:01 25954                      /usr/lib/x86_64-linux-gnu/libstdc++.so.6.0.21
7fcb6520e000-7fcb65212000 rw-p 00000000 00:00 0 
7fcb65212000-7fcb65e7a000 r-xp 00000000 08:01 258448                     /usr/lib/jvm/java-8-openjdk-amd64/jre/lib/amd64/server/libjvm.so
7fcb65e7a000-7fcb6607a000 ---p 00c68000 08:01 258448                     /usr/lib/jvm/java-8-openjdk-amd64/jre/lib/amd64/server/libjvm.so
7fcb6607a000-7fcb6610e000 r--p 00c68000 08:01 258448                     /usr/lib/jvm/java-8-openjdk-amd64/jre/lib/amd64/server/libjvm.so
7fcb6610e000-7fcb66137000 rw-p 00cfc000 08:01 258448                     /usr/lib/jvm/java-8-openjdk-amd64/jre/lib/amd64/server/libjvm.so
7fcb66137000-7fcb66167000 rw-p 00000000 00:00 0 
7fcb66167000-7fcb6617f000 r-xp 00000000 08:01 2087                       /lib/x86_64-linux-gnu/libpthread-2.23.so
7fcb6617f000-7fcb6637e000 ---p 00018000 08:01 2087                       /lib/x86_64-linux-gnu/libpthread-2.23.so
7fcb6637e000-7fcb6637f000 r--p 00017000 08:01 2087                       /lib/x86_64-linux-gnu/libpthread-2.23.so
7fcb6637f000-7fcb66380000 rw-p 00018000 08:01 2087                       /lib/x86_64-linux-gnu/libpthread-2.23.so
7fcb66380000-7fcb66384000 rw-p 00000000 00:00 0 
7fcb66384000-7fcb66387000 r-xp 00000000 08:01 2084                       /lib/x86_64-linux-gnu/libdl-2.23.so
7fcb66387000-7fcb66586000 ---p 00003000 08:01 2084                       /lib/x86_64-linux-gnu/libdl-2.23.so
7fcb66586000-7fcb66587000 r--p 00002000 08:01 2084                       /lib/x86_64-linux-gnu/libdl-2.23.so
7fcb66587000-7fcb66588000 rw-p 00003000 08:01 2084                       /lib/x86_64-linux-gnu/libdl-2.23.so
7fcb66588000-7fcb665a1000 r-xp 00000000 08:01 2054                       /lib/x86_64-linux-gnu/libz.so.1.2.8
7fcb665a1000-7fcb667a0000 ---p 00019000 08:01 2054                       /lib/x86_64-linux-gnu/libz.so.1.2.8
7fcb667a0000-7fcb667a1000 r--p 00018000 08:01 2054                       /lib/x86_64-linux-gnu/libz.so.1.2.8
7fcb667a1000-7fcb667a2000 rw-p 00019000 08:01 2054                       /lib/x86_64-linux-gnu/libz.so.1.2.8
7fcb667a2000-7fcb66962000 r-xp 00000000 08:01 2086                       /lib/x86_64-linux-gnu/libc-2.23.so
7fcb66962000-7fcb66b62000 ---p 001c0000 08:01 2086                       /lib/x86_64-linux-gnu/libc-2.23.so
7fcb66b62000-7fcb66b66000 r--p 001c0000 08:01 2086                       /lib/x86_64-linux-gnu/libc-2.23.so
7fcb66b66000-7fcb66b68000 rw-p 001c4000 08:01 2086                       /lib/x86_64-linux-gnu/libc-2.23.so
7fcb66b68000-7fcb66b6c000 rw-p 00000000 00:00 0 
7fcb66b6c000-7fcb66b79000 r-xp 00000000 08:01 258445                     /usr/lib/jvm/java-8-openjdk-amd64/jre/lib/amd64/jli/libjli.so
7fcb66b79000-7fcb66d79000 ---p 0000d000 08:01 258445                     /usr/lib/jvm/java-8-openjdk-amd64/jre/lib/amd64/jli/libjli.so
7fcb66d79000-7fcb66d7a000 r--p 0000d000 08:01 258445                     /usr/lib/jvm/java-8-openjdk-amd64/jre/lib/amd64/jli/libjli.so
7fcb66d7a000-7fcb66d7b000 rw-p 0000e000 08:01 258445                     /usr/lib/jvm/java-8-openjdk-amd64/jre/lib/amd64/jli/libjli.so
7fcb66d7b000-7fcb66da1000 r-xp 00000000 08:01 2097                       /lib/x86_64-linux-gnu/ld-2.23.so
7fcb66e8b000-7fcb66e93000 rw-s 00000000 08:01 916415                     /tmp/hsperfdata_root/25383
7fcb66e93000-7fcb66e96000 ---p 00000000 00:00 0 
7fcb66e96000-7fcb66f98000 rw-p 00000000 00:00 0 
7fcb66f9d000-7fcb66f9e000 rw-p 00000000 00:00 0 
7fcb66f9e000-7fcb66f9f000 r--p 00000000 00:00 0 
7fcb66f9f000-7fcb66fa0000 rw-p 00000000 00:00 0 
7fcb66fa0000-7fcb66fa1000 r--p 00025000 08:01 2097                       /lib/x86_64-linux-gnu/ld-2.23.so
7fcb66fa1000-7fcb66fa2000 rw-p 00026000 08:01 2097                       /lib/x86_64-linux-gnu/ld-2.23.so
7fcb66fa2000-7fcb66fa3000 rw-p 00000000 00:00 0 
7ffce6d33000-7ffce6d54000 rw-p 00000000 00:00 0                          [stack]
7ffce6de7000-7ffce6dea000 r--p 00000000 00:00 0                          [vvar]
7ffce6dea000-7ffce6dec000 r-xp 00000000 00:00 0                          [vdso]
ffffffffff600000-ffffffffff601000 r-xp 00000000 00:00 0                  [vsyscall]

VM Arguments:
jvm_args: -Xmx6G -Xms6G 
java_command: server.jar
java_class_path (initial): server.jar
Launcher Type: SUN_STANDARD

Environment Variables:
PATH=/usr/local/sbin:/usr/local/bin:/usr/sbin:/usr/bin:/sbin:/bin:/snap/bin
USERNAME=root
SHELL=/bin/bash

Signal Handlers:
SIGSEGV: [libjvm.so+0xa7bb00], sa_mask[0]=11111111011111111101111111111110, sa_flags=SA_RESTART|SA_SIGINFO
SIGBUS: [libjvm.so+0xa7bb00], sa_mask[0]=11111111011111111101111111111110, sa_flags=SA_RESTART|SA_SIGINFO
SIGFPE: [libjvm.so+0x8c3d50], sa_mask[0]=11111111011111111101111111111110, sa_flags=SA_RESTART|SA_SIGINFO
SIGPIPE: [libjvm.so+0x8c3d50], sa_mask[0]=11111111011111111101111111111110, sa_flags=SA_RESTART|SA_SIGINFO
SIGXFSZ: [libjvm.so+0x8c3d50], sa_mask[0]=11111111011111111101111111111110, sa_flags=SA_RESTART|SA_SIGINFO
SIGILL: [libjvm.so+0x8c3d50], sa_mask[0]=11111111011111111101111111111110, sa_flags=SA_RESTART|SA_SIGINFO
SIGUSR1: SIG_DFL, sa_mask[0]=00000000000000000000000000000000, sa_flags=none
SIGUSR2: [libjvm.so+0x8c3c00], sa_mask[0]=00000000000000000000000000000000, sa_flags=SA_RESTART|SA_SIGINFO
SIGHUP: SIG_DFL, sa_mask[0]=00000000000000000000000000000000, sa_flags=none
SIGINT: SIG_DFL, sa_mask[0]=00000000000000000000000000000000, sa_flags=none
SIGTERM: SIG_DFL, sa_mask[0]=00000000000000000000000000000000, sa_flags=none
SIGQUIT: SIG_DFL, sa_mask[0]=00000000000000000000000000000000, sa_flags=none


---------------  S Y S T E M  ---------------

OS:DISTRIB_ID=Ubuntu
DISTRIB_RELEASE=16.04
DISTRIB_CODENAME=xenial
DISTRIB_DESCRIPTION="Ubuntu 16.04.6 LTS"

uname:Linux 4.15.0-1078-gcp #88~16.04.1-Ubuntu SMP Sat Jun 13 00:11:03 UTC 2020 x86_64
libc:glibc 2.23 NPTL 2.23 
rlimit: STACK 8192k, CORE 0k, NPROC 31676, NOFILE 1048576, AS infinity
load average:0.02 0.22 0.48

/proc/meminfo:
MemTotal:        8167296 kB
MemFree:         2754144 kB
MemAvailable:    3580316 kB
Buffers:          248208 kB
Cached:           762776 kB
SwapCached:            0 kB
Active:          4670132 kB
Inactive:         516988 kB
Active(anon):    4178648 kB
Inactive(anon):     8412 kB
Active(file):     491484 kB
Inactive(file):   508576 kB
Unevictable:        3652 kB
Mlocked:            3652 kB
SwapTotal:             0 kB
SwapFree:              0 kB
Dirty:                 0 kB
Writeback:             0 kB
AnonPages:       4179788 kB
Mapped:            52372 kB
Shmem:              8904 kB
Slab:             135604 kB
SReclaimable:      94588 kB
SUnreclaim:        41016 kB
KernelStack:        3420 kB
PageTables:        13608 kB
NFS_Unstable:          0 kB
Bounce:                0 kB
WritebackTmp:          0 kB
CommitLimit:     4083648 kB
Committed_AS:    9913016 kB
VmallocTotal:   34359738367 kB
VmallocUsed:           0 kB
VmallocChunk:          0 kB
HardwareCorrupted:     0 kB
AnonHugePages:         0 kB
ShmemHugePages:        0 kB
ShmemPmdMapped:        0 kB
CmaTotal:              0 kB
CmaFree:               0 kB
HugePages_Total:       0
HugePages_Free:        0
HugePages_Rsvd:        0
HugePages_Surp:        0
Hugepagesize:       2048 kB
DirectMap4k:      109756 kB
DirectMap2M:     6180864 kB
DirectMap1G:     4194304 kB

container (cgroup) information:
container_type: cgroupv1
cpu_cpuset_cpus: 0-1
cpu_memory_nodes: 0
active_processor_count: 2
cpu_quota: -1
cpu_period: 100000
cpu_shares: -1
memory_limit_in_bytes: -1
memory_and_swap_limit_in_bytes: -2
memory_soft_limit_in_bytes: -1
memory_usage_in_bytes: 5141274624
memory_max_usage_in_bytes: 7849435136


CPU:total 2 (initial active 2) (1 cores per cpu, 2 threads per core) family 6 model 79 stepping 0, cmov, cx8, fxsr, mmx, sse, sse2, sse3, ssse3, sse4.1, sse4.2, popcnt, avx, avx2, aes, clmul, erms, rtm, 3dnowpref, lzcnt, ht, tsc, tscinvbit, bmi1, bmi2, adx

/proc/cpuinfo:
processor	: 0
vendor_id	: GenuineIntel
cpu family	: 6
model		: 79
model name	: Intel(R) Xeon(R) CPU @ 2.20GHz
stepping	: 0
microcode	: 0x1
cpu MHz		: 2200.000
cache size	: 56320 KB
physical id	: 0
siblings	: 2
core id		: 0
cpu cores	: 1
apicid		: 0
initial apicid	: 0
fpu		: yes
fpu_exception	: yes
cpuid level	: 13
wp		: yes
flags		: fpu vme de pse tsc msr pae mce cx8 apic sep mtrr pge mca cmov pat pse36 clflush mmx fxsr sse sse2 ss ht syscall nx pdpe1gb rdtscp lm constant_tsc rep_good nopl xtopology nonstop_tsc cpuid tsc_known_freq pni pclmulqdq ssse3 fma cx16 pcid sse4_1 sse4_2 x2apic movbe popcnt aes xsave avx f16c rdrand hypervisor lahf_lm abm 3dnowprefetch invpcid_single pti ssbd ibrs ibpb stibp fsgsbase tsc_adjust bmi1 hle avx2 smep bmi2 erms invpcid rtm rdseed adx smap xsaveopt arat md_clear arch_capabilities
bugs		: cpu_meltdown spectre_v1 spectre_v2 spec_store_bypass l1tf mds swapgs taa
bogomips	: 4400.00
clflush size	: 64
cache_alignment	: 64
address sizes	: 46 bits physical, 48 bits virtual
power management:

processor	: 1
vendor_id	: GenuineIntel
cpu family	: 6
model		: 79
model name	: Intel(R) Xeon(R) CPU @ 2.20GHz
stepping	: 0
microcode	: 0x1
cpu MHz		: 2200.000
cache size	: 56320 KB
physical id	: 0
siblings	: 2
core id		: 0
cpu cores	: 1
apicid		: 1
initial apicid	: 1
fpu		: yes
fpu_exception	: yes
cpuid level	: 13
wp		: yes
flags		: fpu vme de pse tsc msr pae mce cx8 apic sep mtrr pge mca cmov pat pse36 clflush mmx fxsr sse sse2 ss ht syscall nx pdpe1gb rdtscp lm constant_tsc rep_good nopl xtopology nonstop_tsc cpuid tsc_known_freq pni pclmulqdq ssse3 fma cx16 pcid sse4_1 sse4_2 x2apic movbe popcnt aes xsave avx f16c rdrand hypervisor lahf_lm abm 3dnowprefetch invpcid_single pti ssbd ibrs ibpb stibp fsgsbase tsc_adjust bmi1 hle avx2 smep bmi2 erms invpcid rtm rdseed adx smap xsaveopt arat md_clear arch_capabilities
bugs		: cpu_meltdown spectre_v1 spectre_v2 spec_store_bypass l1tf mds swapgs taa
bogomips	: 4400.00
clflush size	: 64
cache_alignment	: 64
address sizes	: 46 bits physical, 48 bits virtual
power management:



Memory: 4k page, physical 8167296k(2754144k free), swap 0k(0k free)

vm_info: OpenJDK 64-Bit Server VM (25.252-b09) for linux-amd64 JRE (1.8.0_252-8u252-b09-1~16.04-b09), built on Apr 15 2020 21:06:51 by "buildd" with gcc 5.4.0 20160609

time: Mon Jul 20 16:30:24 2020
timezone: UTC
elapsed time: 0 seconds (0d 0h 0m 0s)

