#
# There is insufficient memory for the Java Runtime Environment to continue.
# Native memory allocation (mmap) failed to map 2863136768 bytes for committing reserved memory.
# Possible reasons:
#   The system is out of physical RAM or swap space
#   The process is running with CompressedOops enabled, and the Java Heap may be blocking the growth of the native heap
# Possible solutions:
#   Reduce memory load on the system
#   Increase physical memory or swap space
#   Check if swap backing store is full
#   Decrease Java heap size (-Xmx/-Xms)
#   Decrease number of Java threads
#   Decrease Java thread stack sizes (-Xss)
#   Set larger code cache with -XX:ReservedCodeCacheSize=
# This output file may be truncated or incomplete.
#
#  Out of Memory Error (os_linux.cpp:2757), pid=10247, tid=0x00007fc3357d5700
#
# JRE version:  (8.0_252-b09) (build )
# Java VM: OpenJDK 64-Bit Server VM (25.252-b09 mixed mode linux-amd64 compressed oops)
# Failed to write core dump. Core dumps have been disabled. To enable core dumping, try "ulimit -c unlimited" before starting Java again
#

---------------  T H R E A D  ---------------

Current thread (0x00007fc32c00a800):  JavaThread "Unknown thread" [_thread_in_vm, id=10248, stack(0x00007fc3356d5000,0x00007fc3357d6000)]

Stack: [0x00007fc3356d5000,0x00007fc3357d6000],  sp=0x00007fc3357d4670,  free space=1021k
Native frames: (J=compiled Java code, j=interpreted, Vv=VM code, C=native code)
V  [libjvm.so+0xa7af9b]
V  [libjvm.so+0x4ccc7c]
V  [libjvm.so+0x8c8ce8]
V  [libjvm.so+0x8c032e]
V  [libjvm.so+0x93e076]
V  [libjvm.so+0x94008d]
V  [libjvm.so+0x2b2477]
V  [libjvm.so+0x8ee479]
V  [libjvm.so+0xa3eb69]
V  [libjvm.so+0xa3edb2]
V  [libjvm.so+0x617fdf]
V  [libjvm.so+0xa242cb]
V  [libjvm.so+0x692a22]  JNI_CreateJavaVM+0x62
C  [libjli.so+0x2f2e]
C  [libjli.so+0x74ed]
C  [libpthread.so.0+0x76ba]  start_thread+0xca


---------------  P R O C E S S  ---------------

Java Threads: ( => current thread )

Other Threads:

=>0x00007fc32c00a800 (exited) JavaThread "Unknown thread" [_thread_in_vm, id=10248, stack(0x00007fc3356d5000,0x00007fc3357d6000)]

VM state:not at safepoint (not fully initialized)

VM Mutex/Monitor currently owned by a thread: None

heap address: 0x00000005c0000000, size: 8192 MB, Compressed Oops mode: Non-zero based:0x00000005bffff000, Oop shift amount: 3
Narrow klass base: 0x0000000000000000, Narrow klass shift: 0

GC Heap History (0 events):
No events

Deoptimization events (0 events):
No events

Classes redefined (0 events):
No events

Internal exceptions (0 events):
No events

Events (0 events):
No events


Dynamic libraries:
5c0000000-715580000 ---p 00000000 00:00 0 
55b93c828000-55b93c829000 r-xp 00000000 08:01 258518                     /usr/lib/jvm/java-8-openjdk-amd64/jre/bin/java
55b93ca28000-55b93ca29000 r--p 00000000 08:01 258518                     /usr/lib/jvm/java-8-openjdk-amd64/jre/bin/java
55b93ca29000-55b93ca2a000 rw-p 00001000 08:01 258518                     /usr/lib/jvm/java-8-openjdk-amd64/jre/bin/java
55b93e6bf000-55b93e6e0000 rw-p 00000000 00:00 0                          [heap]
7fc31d000000-7fc31d270000 rwxp 00000000 00:00 0 
7fc31d270000-7fc32c000000 ---p 00000000 00:00 0 
7fc32c000000-7fc32c031000 rw-p 00000000 00:00 0 
7fc32c031000-7fc330000000 ---p 00000000 00:00 0 
7fc330d64000-7fc331d64000 ---p 00000000 00:00 0 
7fc331d64000-7fc331d6f000 rw-p 00000000 00:00 0 
7fc331d6f000-7fc332125000 ---p 00000000 00:00 0 
7fc332125000-7fc33212d000 r-xp 00000000 08:01 258454                     /usr/lib/jvm/java-8-openjdk-amd64/jre/lib/amd64/libzip.so
7fc33212d000-7fc33232c000 ---p 00008000 08:01 258454                     /usr/lib/jvm/java-8-openjdk-amd64/jre/lib/amd64/libzip.so
7fc33232c000-7fc33232d000 r--p 00007000 08:01 258454                     /usr/lib/jvm/java-8-openjdk-amd64/jre/lib/amd64/libzip.so
7fc33232d000-7fc33232e000 rw-p 00008000 08:01 258454                     /usr/lib/jvm/java-8-openjdk-amd64/jre/lib/amd64/libzip.so
7fc33232e000-7fc332339000 r-xp 00000000 08:01 2099                       /lib/x86_64-linux-gnu/libnss_files-2.23.so
7fc332339000-7fc332538000 ---p 0000b000 08:01 2099                       /lib/x86_64-linux-gnu/libnss_files-2.23.so
7fc332538000-7fc332539000 r--p 0000a000 08:01 2099                       /lib/x86_64-linux-gnu/libnss_files-2.23.so
7fc332539000-7fc33253a000 rw-p 0000b000 08:01 2099                       /lib/x86_64-linux-gnu/libnss_files-2.23.so
7fc33253a000-7fc332540000 rw-p 00000000 00:00 0 
7fc332540000-7fc33254b000 r-xp 00000000 08:01 2103                       /lib/x86_64-linux-gnu/libnss_nis-2.23.so
7fc33254b000-7fc33274a000 ---p 0000b000 08:01 2103                       /lib/x86_64-linux-gnu/libnss_nis-2.23.so
7fc33274a000-7fc33274b000 r--p 0000a000 08:01 2103                       /lib/x86_64-linux-gnu/libnss_nis-2.23.so
7fc33274b000-7fc33274c000 rw-p 0000b000 08:01 2103                       /lib/x86_64-linux-gnu/libnss_nis-2.23.so
7fc33274c000-7fc332762000 r-xp 00000000 08:01 2089                       /lib/x86_64-linux-gnu/libnsl-2.23.so
7fc332762000-7fc332961000 ---p 00016000 08:01 2089                       /lib/x86_64-linux-gnu/libnsl-2.23.so
7fc332961000-7fc332962000 r--p 00015000 08:01 2089                       /lib/x86_64-linux-gnu/libnsl-2.23.so
7fc332962000-7fc332963000 rw-p 00016000 08:01 2089                       /lib/x86_64-linux-gnu/libnsl-2.23.so
7fc332963000-7fc332965000 rw-p 00000000 00:00 0 
7fc332965000-7fc33296d000 r-xp 00000000 08:01 2101                       /lib/x86_64-linux-gnu/libnss_compat-2.23.so
7fc33296d000-7fc332b6c000 ---p 00008000 08:01 2101                       /lib/x86_64-linux-gnu/libnss_compat-2.23.so
7fc332b6c000-7fc332b6d000 r--p 00007000 08:01 2101                       /lib/x86_64-linux-gnu/libnss_compat-2.23.so
7fc332b6d000-7fc332b6e000 rw-p 00008000 08:01 2101                       /lib/x86_64-linux-gnu/libnss_compat-2.23.so
7fc332b6e000-7fc332b97000 r-xp 00000000 08:01 258446                     /usr/lib/jvm/java-8-openjdk-amd64/jre/lib/amd64/libjava.so
7fc332b97000-7fc332d97000 ---p 00029000 08:01 258446                     /usr/lib/jvm/java-8-openjdk-amd64/jre/lib/amd64/libjava.so
7fc332d97000-7fc332d98000 r--p 00029000 08:01 258446                     /usr/lib/jvm/java-8-openjdk-amd64/jre/lib/amd64/libjava.so
7fc332d98000-7fc332d9a000 rw-p 0002a000 08:01 258446                     /usr/lib/jvm/java-8-openjdk-amd64/jre/lib/amd64/libjava.so
7fc332d9a000-7fc332da9000 r-xp 00000000 08:01 258468                     /usr/lib/jvm/java-8-openjdk-amd64/jre/lib/amd64/libverify.so
7fc332da9000-7fc332fa8000 ---p 0000f000 08:01 258468                     /usr/lib/jvm/java-8-openjdk-amd64/jre/lib/amd64/libverify.so
7fc332fa8000-7fc332faa000 r--p 0000e000 08:01 258468                     /usr/lib/jvm/java-8-openjdk-amd64/jre/lib/amd64/libverify.so
7fc332faa000-7fc332fab000 rw-p 00010000 08:01 258468                     /usr/lib/jvm/java-8-openjdk-amd64/jre/lib/amd64/libverify.so
7fc332fab000-7fc332fb2000 r-xp 00000000 08:01 2106                       /lib/x86_64-linux-gnu/librt-2.23.so
7fc332fb2000-7fc3331b1000 ---p 00007000 08:01 2106                       /lib/x86_64-linux-gnu/librt-2.23.so
7fc3331b1000-7fc3331b2000 r--p 00006000 08:01 2106                       /lib/x86_64-linux-gnu/librt-2.23.so
7fc3331b2000-7fc3331b3000 rw-p 00007000 08:01 2106                       /lib/x86_64-linux-gnu/librt-2.23.so
7fc3331b3000-7fc3331c9000 r-xp 00000000 08:01 1939                       /lib/x86_64-linux-gnu/libgcc_s.so.1
7fc3331c9000-7fc3333c8000 ---p 00016000 08:01 1939                       /lib/x86_64-linux-gnu/libgcc_s.so.1
7fc3333c8000-7fc3333c9000 rw-p 00015000 08:01 1939                       /lib/x86_64-linux-gnu/libgcc_s.so.1
7fc3333c9000-7fc3334d1000 r-xp 00000000 08:01 2090                       /lib/x86_64-linux-gnu/libm-2.23.so
7fc3334d1000-7fc3336d0000 ---p 00108000 08:01 2090                       /lib/x86_64-linux-gnu/libm-2.23.so
7fc3336d0000-7fc3336d1000 r--p 00107000 08:01 2090                       /lib/x86_64-linux-gnu/libm-2.23.so
7fc3336d1000-7fc3336d2000 rw-p 00108000 08:01 2090                       /lib/x86_64-linux-gnu/libm-2.23.so
7fc3336d2000-7fc333844000 r-xp 00000000 08:01 25954                      /usr/lib/x86_64-linux-gnu/libstdc++.so.6.0.21
7fc333844000-7fc333a44000 ---p 00172000 08:01 25954                      /usr/lib/x86_64-linux-gnu/libstdc++.so.6.0.21
7fc333a44000-7fc333a4e000 r--p 00172000 08:01 25954                      /usr/lib/x86_64-linux-gnu/libstdc++.so.6.0.21
7fc333a4e000-7fc333a50000 rw-p 0017c000 08:01 25954                      /usr/lib/x86_64-linux-gnu/libstdc++.so.6.0.21
7fc333a50000-7fc333a54000 rw-p 00000000 00:00 0 
7fc333a54000-7fc3346bc000 r-xp 00000000 08:01 258448                     /usr/lib/jvm/java-8-openjdk-amd64/jre/lib/amd64/server/libjvm.so
7fc3346bc000-7fc3348bc000 ---p 00c68000 08:01 258448                     /usr/lib/jvm/java-8-openjdk-amd64/jre/lib/amd64/server/libjvm.so
7fc3348bc000-7fc334950000 r--p 00c68000 08:01 258448                     /usr/lib/jvm/java-8-openjdk-amd64/jre/lib/amd64/server/libjvm.so
7fc334950000-7fc334979000 rw-p 00cfc000 08:01 258448                     /usr/lib/jvm/java-8-openjdk-amd64/jre/lib/amd64/server/libjvm.so
7fc334979000-7fc3349a9000 rw-p 00000000 00:00 0 
7fc3349a9000-7fc3349c1000 r-xp 00000000 08:01 2087                       /lib/x86_64-linux-gnu/libpthread-2.23.so
7fc3349c1000-7fc334bc0000 ---p 00018000 08:01 2087                       /lib/x86_64-linux-gnu/libpthread-2.23.so
7fc334bc0000-7fc334bc1000 r--p 00017000 08:01 2087                       /lib/x86_64-linux-gnu/libpthread-2.23.so
7fc334bc1000-7fc334bc2000 rw-p 00018000 08:01 2087                       /lib/x86_64-linux-gnu/libpthread-2.23.so
7fc334bc2000-7fc334bc6000 rw-p 00000000 00:00 0 
7fc334bc6000-7fc334bc9000 r-xp 00000000 08:01 2084                       /lib/x86_64-linux-gnu/libdl-2.23.so
7fc334bc9000-7fc334dc8000 ---p 00003000 08:01 2084                       /lib/x86_64-linux-gnu/libdl-2.23.so
7fc334dc8000-7fc334dc9000 r--p 00002000 08:01 2084                       /lib/x86_64-linux-gnu/libdl-2.23.so
7fc334dc9000-7fc334dca000 rw-p 00003000 08:01 2084                       /lib/x86_64-linux-gnu/libdl-2.23.so
7fc334dca000-7fc334de3000 r-xp 00000000 08:01 2054                       /lib/x86_64-linux-gnu/libz.so.1.2.8
7fc334de3000-7fc334fe2000 ---p 00019000 08:01 2054                       /lib/x86_64-linux-gnu/libz.so.1.2.8
7fc334fe2000-7fc334fe3000 r--p 00018000 08:01 2054                       /lib/x86_64-linux-gnu/libz.so.1.2.8
7fc334fe3000-7fc334fe4000 rw-p 00019000 08:01 2054                       /lib/x86_64-linux-gnu/libz.so.1.2.8
7fc334fe4000-7fc3351a4000 r-xp 00000000 08:01 2086                       /lib/x86_64-linux-gnu/libc-2.23.so
7fc3351a4000-7fc3353a4000 ---p 001c0000 08:01 2086                       /lib/x86_64-linux-gnu/libc-2.23.so
7fc3353a4000-7fc3353a8000 r--p 001c0000 08:01 2086                       /lib/x86_64-linux-gnu/libc-2.23.so
7fc3353a8000-7fc3353aa000 rw-p 001c4000 08:01 2086                       /lib/x86_64-linux-gnu/libc-2.23.so
7fc3353aa000-7fc3353ae000 rw-p 00000000 00:00 0 
7fc3353ae000-7fc3353bb000 r-xp 00000000 08:01 258445                     /usr/lib/jvm/java-8-openjdk-amd64/jre/lib/amd64/jli/libjli.so
7fc3353bb000-7fc3355bb000 ---p 0000d000 08:01 258445                     /usr/lib/jvm/java-8-openjdk-amd64/jre/lib/amd64/jli/libjli.so
7fc3355bb000-7fc3355bc000 r--p 0000d000 08:01 258445                     /usr/lib/jvm/java-8-openjdk-amd64/jre/lib/amd64/jli/libjli.so
7fc3355bc000-7fc3355bd000 rw-p 0000e000 08:01 258445                     /usr/lib/jvm/java-8-openjdk-amd64/jre/lib/amd64/jli/libjli.so
7fc3355bd000-7fc3355e3000 r-xp 00000000 08:01 2097                       /lib/x86_64-linux-gnu/ld-2.23.so
7fc3356cd000-7fc3356d5000 rw-s 00000000 08:01 647765                     /tmp/hsperfdata_root/10247
7fc3356d5000-7fc3356d8000 ---p 00000000 00:00 0 
7fc3356d8000-7fc3357da000 rw-p 00000000 00:00 0 
7fc3357df000-7fc3357e0000 rw-p 00000000 00:00 0 
7fc3357e0000-7fc3357e1000 r--p 00000000 00:00 0 
7fc3357e1000-7fc3357e2000 rw-p 00000000 00:00 0 
7fc3357e2000-7fc3357e3000 r--p 00025000 08:01 2097                       /lib/x86_64-linux-gnu/ld-2.23.so
7fc3357e3000-7fc3357e4000 rw-p 00026000 08:01 2097                       /lib/x86_64-linux-gnu/ld-2.23.so
7fc3357e4000-7fc3357e5000 rw-p 00000000 00:00 0 
7ffd6358a000-7ffd635ab000 rw-p 00000000 00:00 0                          [stack]
7ffd635de000-7ffd635e1000 r--p 00000000 00:00 0                          [vvar]
7ffd635e1000-7ffd635e3000 r-xp 00000000 00:00 0                          [vdso]
ffffffffff600000-ffffffffff601000 r-xp 00000000 00:00 0                  [vsyscall]

VM Arguments:
jvm_args: -Xmx8G -Xms8G 
java_command: server.jar
java_class_path (initial): server.jar
Launcher Type: SUN_STANDARD

Environment Variables:
PATH=/usr/local/sbin:/usr/local/bin:/usr/sbin:/usr/bin:/sbin:/bin:/snap/bin
USERNAME=root
SHELL=/bin/bash

Signal Handlers:
SIGSEGV: [libjvm.so+0xa7bb00], sa_mask[0]=11111111011111111101111111111110, sa_flags=SA_RESTART|SA_SIGINFO
SIGBUS: [libjvm.so+0xa7bb00], sa_mask[0]=11111111011111111101111111111110, sa_flags=SA_RESTART|SA_SIGINFO
SIGFPE: [libjvm.so+0x8c3d50], sa_mask[0]=11111111011111111101111111111110, sa_flags=SA_RESTART|SA_SIGINFO
SIGPIPE: [libjvm.so+0x8c3d50], sa_mask[0]=11111111011111111101111111111110, sa_flags=SA_RESTART|SA_SIGINFO
SIGXFSZ: [libjvm.so+0x8c3d50], sa_mask[0]=11111111011111111101111111111110, sa_flags=SA_RESTART|SA_SIGINFO
SIGILL: [libjvm.so+0x8c3d50], sa_mask[0]=11111111011111111101111111111110, sa_flags=SA_RESTART|SA_SIGINFO
SIGUSR1: SIG_DFL, sa_mask[0]=00000000000000000000000000000000, sa_flags=none
SIGUSR2: [libjvm.so+0x8c3c00], sa_mask[0]=00100000000000000000000000000000, sa_flags=SA_RESTART|SA_SIGINFO
SIGHUP: SIG_DFL, sa_mask[0]=00000000000000000000000000000000, sa_flags=none
SIGINT: SIG_DFL, sa_mask[0]=00000000000000000000000000000000, sa_flags=none
SIGTERM: SIG_DFL, sa_mask[0]=00000000000000000000000000000000, sa_flags=none
SIGQUIT: SIG_DFL, sa_mask[0]=00000000000000000000000000000000, sa_flags=none


---------------  S Y S T E M  ---------------

OS:DISTRIB_ID=Ubuntu
DISTRIB_RELEASE=16.04
DISTRIB_CODENAME=xenial
DISTRIB_DESCRIPTION="Ubuntu 16.04.6 LTS"

uname:Linux 4.15.0-1078-gcp #88~16.04.1-Ubuntu SMP Sat Jun 13 00:11:03 UTC 2020 x86_64
libc:glibc 2.23 NPTL 2.23 
rlimit: STACK 8192k, CORE 0k, NPROC 39739, NOFILE 1048576, AS infinity
load average:0.63 0.66 0.63

/proc/meminfo:
MemTotal:       10231320 kB
MemFree:          160700 kB
MemAvailable:     699964 kB
Buffers:          155736 kB
Cached:           547160 kB
SwapCached:            0 kB
Active:          9222636 kB
Inactive:         518588 kB
Active(anon):    9041564 kB
Inactive(anon):     8408 kB
Active(file):     181072 kB
Inactive(file):   510180 kB
Unevictable:        3652 kB
Mlocked:            3652 kB
SwapTotal:             0 kB
SwapFree:              0 kB
Dirty:               956 kB
Writeback:             0 kB
AnonPages:       9042212 kB
Mapped:            34492 kB
Shmem:              8924 kB
Slab:             202192 kB
SReclaimable:     154664 kB
SUnreclaim:        47528 kB
KernelStack:        3744 kB
PageTables:        22884 kB
NFS_Unstable:          0 kB
Bounce:                0 kB
WritebackTmp:          0 kB
CommitLimit:     5115660 kB
Committed_AS:    9681928 kB
VmallocTotal:   34359738367 kB
VmallocUsed:           0 kB
VmallocChunk:          0 kB
HardwareCorrupted:     0 kB
AnonHugePages:         0 kB
ShmemHugePages:        0 kB
ShmemPmdMapped:        0 kB
CmaTotal:              0 kB
CmaFree:               0 kB
HugePages_Total:       0
HugePages_Free:        0
HugePages_Rsvd:        0
HugePages_Surp:        0
Hugepagesize:       2048 kB
DirectMap4k:       70844 kB
DirectMap2M:     4122624 kB
DirectMap1G:     8388608 kB

container (cgroup) information:
container_type: cgroupv1
cpu_cpuset_cpus: 0-3
cpu_memory_nodes: 0
active_processor_count: 4
cpu_quota: -1
cpu_period: 100000
cpu_shares: -1
memory_limit_in_bytes: -1
memory_and_swap_limit_in_bytes: -2
memory_soft_limit_in_bytes: -1
memory_usage_in_bytes: 9975668736
memory_max_usage_in_bytes: 10014380032


CPU:total 4 (initial active 4) (2 cores per cpu, 2 threads per core) family 6 model 79 stepping 0, cmov, cx8, fxsr, mmx, sse, sse2, sse3, ssse3, sse4.1, sse4.2, popcnt, avx, avx2, aes, clmul, erms, rtm, 3dnowpref, lzcnt, ht, tsc, tscinvbit, bmi1, bmi2, adx

/proc/cpuinfo:
processor	: 0
vendor_id	: GenuineIntel
cpu family	: 6
model		: 79
model name	: Intel(R) Xeon(R) CPU @ 2.20GHz
stepping	: 0
microcode	: 0x1
cpu MHz		: 2200.000
cache size	: 56320 KB
physical id	: 0
siblings	: 4
core id		: 0
cpu cores	: 2
apicid		: 0
initial apicid	: 0
fpu		: yes
fpu_exception	: yes
cpuid level	: 13
wp		: yes
flags		: fpu vme de pse tsc msr pae mce cx8 apic sep mtrr pge mca cmov pat pse36 clflush mmx fxsr sse sse2 ss ht syscall nx pdpe1gb rdtscp lm constant_tsc rep_good nopl xtopology nonstop_tsc cpuid tsc_known_freq pni pclmulqdq ssse3 fma cx16 pcid sse4_1 sse4_2 x2apic movbe popcnt aes xsave avx f16c rdrand hypervisor lahf_lm abm 3dnowprefetch invpcid_single pti ssbd ibrs ibpb stibp fsgsbase tsc_adjust bmi1 hle avx2 smep bmi2 erms invpcid rtm rdseed adx smap xsaveopt arat md_clear arch_capabilities
bugs		: cpu_meltdown spectre_v1 spectre_v2 spec_store_bypass l1tf mds swapgs taa
bogomips	: 4400.00
clflush size	: 64
cache_alignment	: 64
address sizes	: 46 bits physical, 48 bits virtual
power management:

processor	: 1
vendor_id	: GenuineIntel
cpu family	: 6
model		: 79
model name	: Intel(R) Xeon(R) CPU @ 2.20GHz
stepping	: 0
microcode	: 0x1
cpu MHz		: 2200.000
cache size	: 56320 KB
physical id	: 0
siblings	: 4
core id		: 1
cpu cores	: 2
apicid		: 2
initial apicid	: 2
fpu		: yes
fpu_exception	: yes
cpuid level	: 13
wp		: yes
flags		: fpu vme de pse tsc msr pae mce cx8 apic sep mtrr pge mca cmov pat pse36 clflush mmx fxsr sse sse2 ss ht syscall nx pdpe1gb rdtscp lm constant_tsc rep_good nopl xtopology nonstop_tsc cpuid tsc_known_freq pni pclmulqdq ssse3 fma cx16 pcid sse4_1 sse4_2 x2apic movbe popcnt aes xsave avx f16c rdrand hypervisor lahf_lm abm 3dnowprefetch invpcid_single pti ssbd ibrs ibpb stibp fsgsbase tsc_adjust bmi1 hle avx2 smep bmi2 erms invpcid rtm rdseed adx smap xsaveopt arat md_clear arch_capabilities
bugs		: cpu_meltdown spectre_v1 spectre_v2 spec_store_bypass l1tf mds swapgs taa
bogomips	: 4400.00
clflush size	: 64
cache_alignment	: 64
address sizes	: 46 bits physical, 48 bits virtual
power management:

processor	: 2
vendor_id	: GenuineIntel
cpu family	: 6
model		: 79
model name	: Intel(R) Xeon(R) CPU @ 2.20GHz
stepping	: 0
microcode	: 0x1
cpu MHz		: 2200.000
cache size	: 56320 KB
physical id	: 0
siblings	: 4
core id		: 0
cpu cores	: 2
apicid		: 1
initial apicid	: 1
fpu		: yes
fpu_exception	: yes
cpuid level	: 13
wp		: yes
flags		: fpu vme de pse tsc msr pae mce cx8 apic sep mtrr pge mca cmov pat pse36 clflush mmx fxsr sse sse2 ss ht syscall nx pdpe1gb rdtscp lm constant_tsc rep_good nopl xtopology nonstop_tsc cpuid tsc_known_freq pni pclmulqdq ssse3 fma cx16 pcid sse4_1 sse4_2 x2apic movbe popcnt aes xsave avx f16c rdrand hypervisor lahf_lm abm 3dnowprefetch invpcid_single pti ssbd ibrs ibpb stibp fsgsbase tsc_adjust bmi1 hle avx2 smep bmi2 erms invpcid rtm rdseed adx smap xsaveopt arat md_clear arch_capabilities
bugs		: cpu_meltdown spectre_v1 spectre_v2 spec_store_bypass l1tf mds swapgs taa
bogomips	: 4400.00
clflush size	: 64
cache_alignment	: 64
address sizes	: 46 bits physical, 48 bits virtual
power management:

processor	: 3
vendor_id	: GenuineIntel
cpu family	: 6
model		: 79
model name	: Intel(R) Xeon(R) CPU @ 2.20GHz
stepping	: 0
microcode	: 0x1
cpu MHz		: 2200.000
cache size	: 56320 KB
physical id	: 0
siblings	: 4
core id		: 1
cpu cores	: 2
apicid		: 3
initial apicid	: 3
fpu		: yes
fpu_exception	: yes
cpuid level	: 13
wp		: yes
flags		: fpu vme de pse tsc msr pae mce cx8 apic sep mtrr pge mca cmov pat pse36 clflush mmx fxsr sse sse2 ss ht syscall nx pdpe1gb rdtscp lm constant_tsc rep_good nopl xtopology nonstop_tsc cpuid tsc_known_freq pni pclmulqdq ssse3 fma cx16 pcid sse4_1 sse4_2 x2apic movbe popcnt aes xsave avx f16c rdrand hypervisor lahf_lm abm 3dnowprefetch invpcid_single pti ssbd ibrs ibpb stibp fsgsbase tsc_adjust bmi1 hle avx2 smep bmi2 erms invpcid rtm rdseed adx smap xsaveopt arat md_clear arch_capabilities
bugs		: cpu_meltdown spectre_v1 spectre_v2 spec_store_bypass l1tf mds swapgs taa
bogomips	: 4400.00
clflush size	: 64
cache_alignment	: 64
address sizes	: 46 bits physical, 48 bits virtual
power management:



Memory: 4k page, physical 10231320k(160700k free), swap 0k(0k free)

vm_info: OpenJDK 64-Bit Server VM (25.252-b09) for linux-amd64 JRE (1.8.0_252-8u252-b09-1~16.04-b09), built on Apr 15 2020 21:06:51 by "buildd" with gcc 5.4.0 20160609

time: Sat Jul 18 22:05:11 2020
timezone: UTC
elapsed time: 0 seconds (0d 0h 0m 0s)

